2026-03-18 13:59:50,915 INFO hexapod [SerialServerProcess/Thread-1 (run)]: [recv] STATUS slave=2 t=293084174us err=False | L: θ=0.164 sp=-0.240 ω=-6.90 τ=6.87 34C rtt=494µs COMPLETE | R: θ=0.260 sp=-0.301 ω=-3.29 τ=-9.98 34C rtt=511µs COMPLETE
2026-03-18 13:59:50,921 INFO hexapod [SerialServerProcess/Thread-1 (run)]: [recv] STATUS slave=1 t=293086167us err=False | L: θ=0.220 sp=-0.194 ω=-10.11 τ=-0.40 34C rtt=502µs COMPLETE | R: θ=0.216 sp=-0.177 ω=-6.40 τ=-6.06 33C rtt=496µs COMPLETE
2026-03-18 13:59:50,922 INFO hexapod [SerialServerProcess/Thread-1 (run)]: [recv] JOG
2026-03-18 13:59:50,923 INFO hexapod [SerialServerProcess/Thread-1 (run)]: [recv] STATUS slave=3 t=293079178us err=False | L: θ=0.206 sp=-0.295 ω=-5.51 τ=8.37 38C rtt=497µs COMPLETE | R: θ=0.200 sp=-0.413 ω=-8.21 τ=-0.40 37C rtt=500µs COMPLETE
2026-03-18 13:59:50,923 INFO hexapod [SerialServerProcess/Thread-1 (run)]: [recv] STATUS slave=2 t=293085175us err=False | L: θ=0.156 sp=-0.240 ω=-7.25 τ=6.63 34C rtt=507µs COMPLETE | R: θ=0.254 sp=-0.301 ω=-3.67 τ=-9.40 34C rtt=509µs COMPLETE
2026-03-18 13:59:50,924 INFO hexapod [SerialServerProcess/Thread-1 (run)]: [recv] STATUS slave=1 t=293087167us err=False | L: θ=0.208 sp=-0.194 ω=-11.00 τ=-0.29 34C rtt=501µs COMPLETE | R: θ=0.208 sp=-0.177 ω=-6.78 τ=-5.71 33C rtt=495µs COMPLETE
2026-03-18 13:59:50,924 INFO hexapod [SerialServerProcess/Thread-1 (run)]: [recv] JOG
2026-03-18 13:59:50,925 INFO hexapod [SerialServerProcess/Thread-1 (run)]: [recv] STATUS slave=3 t=293080179us err=False | L: θ=0.198 sp=-0.295 ω=-5.92 τ=6.98 38C rtt=501µs COMPLETE | R: θ=0.189 sp=-0.413 ω=-8.90 τ=0.17 37C rtt=498µs COMPLETE
2026-03-18 13:59:50,925 INFO hexapod [SerialServerProcess/Thread-1 (run)]: [recv] STATUS slave=2 t=293086175us err=False | L: θ=0.147 sp=-0.240 ω=-7.29 τ=5.37 34C rtt=493µs COMPLETE | R: θ=0.248 sp=-0.301 ω=-4.05 τ=-9.40 34C rtt=511µs COMPLETE
2026-03-18 13:59:50,925 INFO hexapod [SerialServerProcess/Thread-1 (run)]: [recv] STATUS slave=1 t=293088167us err=False | L: θ=0.195 sp=-0.194 ω=-11.60 τ=-0.17 34C rtt=504µs COMPLETE | R: θ=0.199 sp=-0.177 ω=-7.35 τ=-4.67 33C rtt=498µs COMPLETE
2026-03-18 13:59:50,926 INFO hexapod [SerialServerProcess/Thread-1 (run)]: [recv] JOG
2026-03-18 13:59:50,926 INFO hexapod [SerialServerProcess/Thread-1 (run)]: [recv] STATUS slave=3 t=293081178us err=False | L: θ=0.190 sp=-0.295 ω=-6.33 τ=5.71 38C rtt=505µs COMPLETE | R: θ=0.179 sp=-0.413 ω=-9.51 τ=-0.98 37C rtt=504µs COMPLETE
2026-03-18 13:59:50,926 INFO hexapod [SerialServerProcess/Thread-1 (run)]: [recv] STATUS slave=2 t=293087174us err=False | L: θ=0.138 sp=-0.240 ω=-7.83 τ=4.79 34C rtt=493µs COMPLETE | R: θ=0.242 sp=-0.301 ω=-4.49 τ=-7.90 34C rtt=500µs COMPLETE
2026-03-18 13:59:50,926 INFO hexapod [SerialServerProcess/Thread-1 (run)]: [recv] STATUS slave=1 t=293089167us err=False | L: θ=0.183 sp=-0.194 ω=-12.11 τ=-0.40 34C rtt=501µs COMPLETE | R: θ=0.189 sp=-0.177 ω=-7.67 τ=-3.63 33C rtt=497µs COMPLETE
2026-03-18 13:59:50,927 INFO hexapod [SerialServerProcess/Thread-1 (run)]: [recv] JOG
2026-03-18 13:59:50,927 INFO hexapod [SerialServerProcess/Thread-1 (run)]: [recv] STATUS slave=3 t=293082178us err=False | L: θ=0.181 sp=-0.295 ω=-6.71 τ=6.29 38C rtt=497µs COMPLETE | R: θ=0.169 sp=-0.413 ω=-9.95 τ=-1.33 37C rtt=498µs COMPLETE
2026-03-18 13:59:50,927 INFO hexapod [SerialServerProcess/Thread-1 (run)]: [recv] STATUS slave=2 t=293088175us err=False | L: θ=0.128 sp=-0.240 ω=-8.17 τ=2.83 34C rtt=495µs COMPLETE | R: θ=0.235 sp=-0.301 ω=-4.94 τ=-7.44 34C rtt=499µs COMPLETE
2026-03-18 13:59:50,927 INFO hexapod [SerialServerProcess/Thread-1 (run)]: [recv] STATUS slave=1 t=293090167us err=False | L: θ=0.171 sp=-0.194 ω=-12.30 τ=-0.29 34C rtt=505µs COMPLETE | R: θ=0.179 sp=-0.177 ω=-8.24 τ=-3.87 33C rtt=500µs COMPLETE
2026-03-18 13:59:50,928 INFO hexapod [SerialServerProcess/Thread-1 (run)]: [recv] JOG
2026-03-18 13:59:50,928 INFO hexapod [SerialServerProcess/Thread-1 (run)]: [recv] STATUS slave=3 t=293083178us err=False | L: θ=0.172 sp=-0.295 ω=-7.13 τ=6.29 38C rtt=504µs COMPLETE | R: θ=0.158 sp=-0.413 ω=-10.27 τ=-0.87 37C rtt=510µs COMPLETE
2026-03-18 13:59:50,928 INFO hexapod [SerialServerProcess/Thread-1 (run)]: [recv] STATUS slave=2 t=293089175us err=False | L: θ=0.117 sp=-0.240 ω=-8.59 τ=2.94 34C rtt=493µs COMPLETE | R: θ=0.227 sp=-0.301 ω=-5.44 τ=-6.40 34C rtt=498µs COMPLETE
2026-03-18 13:59:50,929 INFO hexapod [SerialServerProcess/Thread-1 (run)]: [recv] STATUS slave=1 t=293091167us err=False | L: θ=0.159 sp=-0.194 ω=-12.33 τ=-0.40 34C rtt=500µs COMPLETE | R: θ=0.169 sp=-0.177 ω=-8.52 τ=-3.52 33C rtt=495µs COMPLETE
2026-03-18 13:59:50,929 INFO hexapod [SerialServerProcess/Thread-1 (run)]: [recv] JOG
2026-03-18 13:59:50,929 INFO hexapod [SerialServerProcess/Thread-1 (run)]: [recv] STATUS slave=3 t=293084179us err=False | L: θ=0.163 sp=-0.336 ω=-7.54 τ=5.02 38C rtt=505µs COMPLETE | R: θ=0.147 sp=-0.457 ω=-10.40 τ=-1.21 37C rtt=499µs COMPLETE
2026-03-18 13:59:50,929 INFO hexapod [SerialServerProcess/Thread-1 (run)]: [recv] STATUS slave=2 t=293090174us err=False | L: θ=0.106 sp=-0.266 ω=-8.97 τ=1.67 34C rtt=501µs COMPLETE | R: θ=0.218 sp=-0.343 ω=-6.11 τ=-7.44 34C rtt=503µs COMPLETE
2026-03-18 13:59:50,930 INFO hexapod [SerialServerProcess/Thread-1 (run)]: [recv] STATUS slave=1 t=293092167us err=False | L: θ=0.146 sp=-0.227 ω=-12.30 τ=-0.63 34C rtt=503µs COMPLETE | R: θ=0.159 sp=-0.204 ω=-8.90 τ=-2.71 33C rtt=495µs COMPLETE
2026-03-18 13:59:50,930 INFO hexapod [SerialServerProcess/Thread-1 (run)]: [recv] JOG
2026-03-18 13:59:50,931 INFO hexapod [SerialServerProcess/Thread-1 (run)]: [recv] STATUS slave=3 t=293085178us err=False | L: θ=0.153 sp=-0.336 ω=-7.98 τ=4.79 38C rtt=501µs COMPLETE | R: θ=0.136 sp=-0.457 ω=-10.46 τ=-1.67 37C rtt=500µs COMPLETE
2026-03-18 13:59:50,931 INFO hexapod [SerialServerProcess/Thread-1 (run)]: [recv] STATUS slave=2 t=293091174us err=False | L: θ=0.096 sp=-0.266 ω=-9.22 τ=0.98 34C rtt=506µs COMPLETE | R: θ=0.210 sp=-0.343 ω=-6.62 τ=-6.98 34C rtt=503µs COMPLETE
2026-03-18 13:59:50,931 INFO hexapod [SerialServerProcess/Thread-1 (run)]: [recv] STATUS slave=1 t=293093167us err=False | L: θ=0.134 sp=-0.227 ω=-12.21 τ=-2.02 34C rtt=502µs COMPLETE | R: θ=0.149 sp=-0.204 ω=-9.25 τ=-2.25 33C rtt=503µs COMPLETE
2026-03-18 13:59:50,932 INFO hexapod [SerialServerProcess/Thread-1 (run)]: [recv] JOG
2026-03-18 13:59:50,932 INFO hexapod [SerialServerProcess/Thread-1 (run)]: [recv] STATUS slave=3 t=293086178us err=False | L: θ=0.143 sp=-0.336 ω=-8.43 τ=4.90 38C rtt=499µs COMPLETE | R: θ=0.126 sp=-0.457 ω=-10.52 τ=0.29 37C rtt=500µs COMPLETE
2026-03-18 13:59:50,932 INFO hexapod [SerialServerProcess/Thread-1 (run)]: [recv] STATUS slave=2 t=293092175us err=False | L: θ=0.084 sp=-0.266 ω=-9.57 τ=1.21 34C rtt=502µs COMPLETE | R: θ=0.202 sp=-0.343 ω=-6.97 τ=-8.37 34C rtt=496µs COMPLETE
2026-03-18 13:59:50,932 INFO hexapod [SerialServerProcess/Thread-1 (run)]: [recv] STATUS slave=1 t=293094167us err=False | L: θ=0.120 sp=-0.227 ω=-12.33 τ=-0.75 34C rtt=499µs COMPLETE | R: θ=0.138 sp=-0.204 ω=-9.67 τ=-2.48 33C rtt=495µs COMPLETE
2026-03-18 13:59:50,933 INFO hexapod [SerialServerProcess/Thread-1 (run)]: [recv] JOG
2026-03-18 13:59:50,933 INFO hexapod [SerialServerProcess/Thread-1 (run)]: [recv] STATUS slave=3 t=293087178us err=False | L: θ=0.134 sp=-0.336 ω=-8.81 τ=3.75 38C rtt=504µs COMPLETE | R: θ=0.114 sp=-0.457 ω=-10.59 τ=1.44 37C rtt=499µs COMPLETE
2026-03-18 13:59:50,933 INFO hexapod [SerialServerProcess/Thread-1 (run)]: [recv] STATUS slave=2 t=293093175us err=False | L: θ=0.073 sp=-0.266 ω=-9.95 τ=0.87 34C rtt=504µs COMPLETE | R: θ=0.194 sp=-0.343 ω=-7.35 τ=-6.52 34C rtt=499µs COMPLETE
2026-03-18 13:59:50,934 INFO hexapod [SerialServerProcess/Thread-1 (run)]: [recv] STATUS slave=1 t=293095167us err=False | L: θ=0.108 sp=-0.227 ω=-12.37 τ=-1.21 34C rtt=504µs COMPLETE | R: θ=0.128 sp=-0.204 ω=-10.17 τ=-1.44 33C rtt=506µs COMPLETE
2026-03-18 13:59:50,934 INFO hexapod [SerialServerProcess/Thread-1 (run)]: [recv] JOG
2026-03-18 13:59:50,934 INFO hexapod [SerialServerProcess/Thread-1 (run)]: [recv] STATUS slave=3 t=293088178us err=False | L: θ=0.124 sp=-0.336 ω=-9.16 τ=2.83 38C rtt=506µs COMPLETE | R: θ=0.103 sp=-0.457 ω=-10.68 τ=-1.10 37C rtt=510µs COMPLETE
2026-03-18 13:59:50,935 INFO hexapod [SerialServerProcess/Thread-1 (run)]: [recv] STATUS slave=2 t=293094175us err=False | L: θ=0.061 sp=-0.266 ω=-10.43 τ=0.06 34C rtt=495µs COMPLETE | R: θ=0.185 sp=-0.343 ω=-7.73 τ=-7.44 34C rtt=498µs COMPLETE
2026-03-18 13:59:50,935 INFO hexapod [SerialServerProcess/Thread-1 (run)]: [recv] STATUS slave=1 t=293096167us err=False | L: θ=0.094 sp=-0.227 ω=-12.75 τ=-0.98 34C rtt=502µs COMPLETE | R: θ=0.117 sp=-0.204 ω=-10.30 τ=-1.33 33C rtt=499µs COMPLETE
2026-03-18 13:59:50,935 INFO hexapod [SerialServerProcess/Thread-1 (run)]: [recv] JOG
2026-03-18 13:59:50,935 INFO hexapod [SerialServerProcess/Thread-1 (run)]: [recv] STATUS slave=3 t=293089178us err=False | L: θ=0.113 sp=-0.336 ω=-9.44 τ=2.60 38C rtt=500µs COMPLETE | R: θ=0.092 sp=-0.457 ω=-10.81 τ=-0.40 37C rtt=499µs COMPLETE
2026-03-18 13:59:50,936 INFO hexapod [SerialServerProcess/Thread-1 (run)]: [recv] STATUS slave=2 t=293095175us err=False | L: θ=0.050 sp=-0.266 ω=-10.68 τ=0.52 34C rtt=492µs COMPLETE | R: θ=0.176 sp=-0.343 ω=-8.05 τ=-5.60 34C rtt=503µs COMPLETE
2026-03-18 13:59:50,936 INFO hexapod [SerialServerProcess/Thread-1 (run)]: [recv] STATUS slave=1 t=293097167us err=False | L: θ=0.081 sp=-0.227 ω=-12.68 τ=-1.44 34C rtt=501µs COMPLETE | R: θ=0.105 sp=-0.204 ω=-10.40 τ=-1.21 33C rtt=504µs COMPLETE
2026-03-18 13:59:50,936 INFO hexapod [SerialServerProcess/Thread-1 (run)]: [recv] JOG
2026-03-18 13:59:50,936 INFO hexapod [SerialServerProcess/Thread-1 (run)]: [recv] STATUS slave=3 t=293090179us err=False | L: θ=0.103 sp=-0.336 ω=-9.67 τ=2.48 38C rtt=498µs COMPLETE | R: θ=0.081 sp=-0.457 ω=-10.87 τ=0.98 37C rtt=500µs COMPLETE
2026-03-18 13:59:50,937 INFO hexapod [SerialServerProcess/Thread-1 (run)]: [recv] STATUS slave=2 t=293096175us err=False | L: θ=0.039 sp=-0.266 ω=-11.13 τ=0.87 34C rtt=492µs COMPLETE | R: θ=0.167 sp=-0.343 ω=-8.49 τ=-5.48 34C rtt=499µs COMPLETE
2026-03-18 13:59:50,937 INFO hexapod [SerialServerProcess/Thread-1 (run)]: [recv] STATUS slave=1 t=293098167us err=False | L: θ=0.068 sp=-0.227 ω=-12.81 τ=-2.13 34C rtt=500µs COMPLETE | R: θ=0.094 sp=-0.204 ω=-10.40 τ=-0.63 33C rtt=503µs COMPLETE
2026-03-18 13:59:50,937 INFO hexapod [SerialServerProcess/Thread-1 (run)]: [recv] JOG
2026-03-18 13:59:50,938 INFO hexapod [SerialServerProcess/Thread-1 (run)]: [recv] STATUS slave=3 t=293091179us err=False | L: θ=0.091 sp=-0.336 ω=-9.92 τ=1.79 38C rtt=503µs COMPLETE | R: θ=0.070 sp=-0.457 ω=-10.94 τ=-1.56 37C rtt=499µs COMPLETE
2026-03-18 13:59:50,938 INFO hexapod [SerialServerProcess/Thread-1 (run)]: [recv] STATUS slave=2 t=293097175us err=False | L: θ=0.027 sp=-0.266 ω=-11.19 τ=0.17 34C rtt=495µs COMPLETE | R: θ=0.157 sp=-0.343 ω=-8.59 τ=-3.63 34C rtt=502µs COMPLETE
2026-03-18 13:59:50,938 INFO hexapod [SerialServerProcess/Thread-1 (run)]: [recv] STATUS slave=1 t=293099167us err=False | L: θ=0.054 sp=-0.227 ω=-12.97 τ=-0.06 34C rtt=515µs COMPLETE | R: θ=0.083 sp=-0.204 ω=-10.71 τ=-0.40 33C rtt=505µs COMPLETE
2026-03-18 13:59:50,938 INFO hexapod [SerialServerProcess/Thread-1 (run)]: [recv] JOG
2026-03-18 13:59:50,939 INFO hexapod [SerialServerProcess/Thread-1 (run)]: [recv] STATUS slave=3 t=293092178us err=False | L: θ=0.081 sp=-0.372 ω=-10.08 τ=2.13 38C rtt=500µs COMPLETE | R: θ=0.059 sp=-0.497 ω=-11.03 τ=-0.52 37C rtt=501µs COMPLETE
2026-03-18 13:59:50,939 INFO hexapod [SerialServerProcess/Thread-1 (run)]: [recv] STATUS slave=2 t=293098175us err=False | L: θ=0.015 sp=-0.289 ω=-11.32 τ=0.52 34C rtt=489µs COMPLETE | R: θ=0.147 sp=-0.380 ω=-8.62 τ=-3.87 34C rtt=511µs COMPLETE
2026-03-18 13:59:50,940 INFO hexapod [SerialServerProcess/Thread-1 (run)]: [recv] STATUS slave=1 t=293100167us err=False | L: θ=0.041 sp=-0.256 ω=-13.06 τ=-1.10 34C rtt=501µs COMPLETE | R: θ=0.071 sp=-0.227 ω=-10.90 τ=-0.75 33C rtt=500µs COMPLETE
2026-03-18 13:59:50,940 INFO hexapod [SerialServerProcess/Thread-1 (run)]: [recv] JOG
2026-03-18 13:59:50,941 INFO hexapod [SerialServerProcess/Thread-1 (run)]: [recv] STATUS slave=3 t=293093178us err=False | L: θ=0.070 sp=-0.372 ω=-10.27 τ=2.37 38C rtt=499µs COMPLETE | R: θ=0.048 sp=-0.497 ω=-11.06 τ=-0.75 37C rtt=504µs COMPLETE
2026-03-18 13:59:50,941 INFO hexapod [SerialServerProcess/Thread-1 (run)]: [recv] JOG
2026-03-18 13:59:50,941 INFO hexapod [SerialServerProcess/Thread-1 (run)]: [recv] STATUS slave=1 t=293101167us err=False | L: θ=0.028 sp=-0.256 ω=-13.13 τ=-1.21 34C rtt=499µs COMPLETE | R: θ=0.060 sp=-0.227 ω=-11.06 τ=-0.17 33C rtt=505µs COMPLETE
2026-03-18 13:59:50,942 INFO hexapod [SerialServerProcess/Thread-1 (run)]: [recv] STATUS slave=2 t=293099175us err=False | L: θ=0.003 sp=-0.289 ω=-11.44 τ=0.29 34C rtt=489µs COMPLETE | R: θ=0.138 sp=-0.380 ω=-8.84 τ=-3.87 34C rtt=512µs COMPLETE
2026-03-18 13:59:51,449 INFO hexapod [SerialServerProcess/Thread-1 (run)]: [recv][INFO] OK:STOPPED state=1
2026-03-18 13:59:51,449 INFO hexapod [SerialServerProcess/Thread-1 (run)]: [recv] STATUS slave=3 t=293094178us err=False | L: θ=0.060 sp=-0.372 ω=-10.37 τ=1.67 38C rtt=503µs COMPLETE | R: θ=0.036 sp=-0.497 ω=-11.13 τ=-0.29 37C rtt=509µs COMPLETE
2026-03-18 13:59:51,450 INFO hexapod [SerialServerProcess/Thread-1 (run)]: [recv] STATUS slave=1 t=293102167us err=False | L: θ=0.015 sp=-0.256 ω=-13.32 τ=-0.75 34C rtt=515µs COMPLETE | R: θ=0.047 sp=-0.227 ω=-11.29 τ=-0.52 33C rtt=498µs COMPLETE
2026-03-18 13:59:51,451 INFO hexapod [SerialServerProcess/Thread-1 (run)]: [recv] STATUS slave=2 t=293100175us err=False | L: θ=-0.008 sp=-0.289 ω=-11.54 τ=0.40 34C rtt=489µs COMPLETE | R: θ=0.128 sp=-0.380 ω=-9.19 τ=-3.75 34C rtt=499µs COMPLETE
2026-03-18 13:59:51,452 INFO hexapod [SerialServerProcess/Thread-1 (run)]: [recv] STATUS slave=3 t=293095179us err=False | L: θ=0.048 sp=-0.372 ω=-10.49 τ=1.44 38C rtt=501µs COMPLETE | R: θ=0.025 sp=-0.497 ω=-11.16 τ=-0.17 37C rtt=500µs COMPLETE
2026-03-18 13:59:51,452 INFO hexapod [SerialServerProcess/Thread-1 (run)]: [recv] STATUS slave=1 t=293103167us err=False | L: θ=0.002 sp=-0.256 ω=-13.19 τ=-2.71 34C rtt=506µs COMPLETE | R: θ=0.036 sp=-0.227 ω=-11.10 τ=-0.40 33C rtt=499µs COMPLETE
2026-03-18 13:59:51,453 INFO hexapod [SerialServerProcess/Thread-1 (run)]: [recv] STATUS slave=2 t=293101175us err=False | L: θ=-0.021 sp=-0.289 ω=-11.67 τ=-0.06 34C rtt=503µs COMPLETE | R: θ=0.118 sp=-0.380 ω=-9.44 τ=-3.29 34C rtt=496µs COMPLETE
2026-03-18 13:59:51,453 INFO hexapod [SerialServerProcess/Thread-1 (run)]: [recv] STATUS slave=3 t=293096179us err=False | L: θ=0.038 sp=-0.372 ω=-10.59 τ=1.44 38C rtt=500µs COMPLETE | R: θ=0.013 sp=-0.497 ω=-11.22 τ=-0.17 37C rtt=497µs COMPLETE
2026-03-18 13:59:51,454 INFO hexapod [SerialServerProcess/Thread-1 (run)]: [recv] STATUS slave=1 t=293104167us err=False | L: θ=-0.011 sp=-0.259 ω=-12.94 τ=-1.10 34C rtt=499µs COMPLETE | R: θ=0.024 sp=-0.229 ω=-11.10 τ=-0.40 33C rtt=502µs COMPLETE
2026-03-18 13:59:51,454 INFO hexapod [SerialServerProcess/Thread-1 (run)]: [recv] STATUS slave=2 t=293102175us err=False | L: θ=-0.033 sp=-0.289 ω=-11.76 τ=-0.87 34C rtt=503µs COMPLETE | R: θ=0.108 sp=-0.380 ω=-9.60 τ=-3.17 34C rtt=510µs COMPLETE
2026-03-18 13:59:51,455 INFO hexapod [SerialServerProcess/Thread-1 (run)]: [recv] STATUS slave=3 t=293097178us err=False | L: θ=0.027 sp=-0.376 ω=-10.71 τ=0.29 38C rtt=498µs COMPLETE | R: θ=0.002 sp=-0.502 ω=-11.22 τ=-0.40 37C rtt=494µs COMPLETE
2026-03-18 13:59:51,455 INFO hexapod [SerialServerProcess/Thread-1 (run)]: [recv] STATUS slave=1 t=293105167us err=False | L: θ=-0.024 sp=-0.259 ω=-13.13 τ=-1.67 34C rtt=498µs COMPLETE | R: θ=0.012 sp=-0.229 ω=-11.44 τ=-0.06 33C rtt=500µs COMPLETE
2026-03-18 13:59:51,455 INFO hexapod [SerialServerProcess/Thread-1 (run)]: [recv] STATUS slave=2 t=293103174us err=False | L: θ=-0.045 sp=-0.292 ω=-11.92 τ=0.06 34C rtt=504µs COMPLETE | R: θ=0.097 sp=-0.385 ω=-9.76 τ=-3.40 34C rtt=501µs COMPLETE
2026-03-18 13:59:51,456 INFO hexapod [SerialServerProcess/Thread-1 (run)]: [recv] STATUS slave=3 t=293098179us err=False | L: θ=0.015 sp=-0.376 ω=-10.81 τ=0.52 38C rtt=500µs COMPLETE | R: θ=-0.010 sp=-0.502 ω=-11.29 τ=0.17 37C rtt=497µs COMPLETE
2026-03-18 13:59:51,456 INFO hexapod [SerialServerProcess/Thread-1 (run)]: [recv] STATUS slave=1 t=293106167us err=False | L: θ=-0.037 sp=-0.259 ω=-13.25 τ=-1.79 34C rtt=502µs COMPLETE | R: θ=-0.001 sp=-0.229 ω=-11.70 τ=-0.40 33C rtt=501µs COMPLETE
2026-03-18 13:59:51,457 INFO hexapod [SerialServerProcess/Thread-1 (run)]: [recv] STATUS slave=2 t=293104175us err=False | L: θ=-0.058 sp=-0.292 ω=-11.92 τ=-1.21 34C rtt=490µs COMPLETE | R: θ=0.088 sp=-0.385 ω=-9.73 τ=-2.60 34C rtt=498µs COMPLETE
2026-03-18 13:59:51,457 INFO hexapod [SerialServerProcess/Thread-1 (run)]: [recv] STATUS slave=3 t=293099178us err=False | L: θ=0.004 sp=-0.376 ω=-10.84 τ=0.98 38C rtt=498µs COMPLETE | R: θ=-0.021 sp=-0.502 ω=-11.32 τ=-0.40 37C rtt=497µs COMPLETE
2026-03-18 13:59:51,458 INFO hexapod [SerialServerProcess/Thread-1 (run)]: [recv] STATUS slave=1 t=293107167us err=False | L: θ=-0.049 sp=-0.259 ω=-13.03 τ=-1.79 34C rtt=510µs COMPLETE | R: θ=-0.014 sp=-0.229 ω=-11.95 τ=0.98 33C rtt=498µs COMPLETE
2026-03-18 13:59:51,459 INFO hexapod [SerialServerProcess/Thread-1 (run)]: [recv] STATUS slave=2 t=293105175us err=False | L: θ=-0.072 sp=-0.292 ω=-12.27 τ=-1.44 34C rtt=504µs COMPLETE | R: θ=0.077 sp=-0.385 ω=-9.95 τ=-2.48 34C rtt=499µs COMPLETE
2026-03-18 13:59:51,459 INFO hexapod [SerialServerProcess/Thread-1 (run)]: [recv] STATUS slave=3 t=293100178us err=False | L: θ=-0.007 sp=-0.376 ω=-10.94 τ=0.63 38C rtt=502µs COMPLETE | R: θ=-0.032 sp=-0.502 ω=-11.35 τ=-0.29 37C rtt=498µs COMPLETE
2026-03-18 13:59:51,460 INFO hexapod [SerialServerProcess/Thread-1 (run)]: [recv] STATUS slave=1 t=293108167us err=False | L: θ=-0.061 sp=-0.259 ω=-13.10 τ=-2.83 34C rtt=508µs COMPLETE | R: θ=-0.027 sp=-0.229 ω=-12.14 τ=0.87 33C rtt=503µs COMPLETE
2026-03-18 13:59:51,460 INFO hexapod [SerialServerProcess/Thread-1 (run)]: [recv] STATUS slave=2 t=293106175us err=False | L: θ=-0.086 sp=-0.292 ω=-12.52 τ=-1.79 34C rtt=502µs COMPLETE | R: θ=0.067 sp=-0.385 ω=-10.05 τ=-3.98 34C rtt=498µs COMPLETE
2026-03-18 13:59:51,461 INFO hexapod [SerialServerProcess/Thread-1 (run)]: [recv] STATUS slave=3 t=293101179us err=False | L: θ=-0.019 sp=-0.376 ω=-11.00 τ=0.98 38C rtt=497µs COMPLETE | R: θ=-0.043 sp=-0.502 ω=-11.38 τ=0.52 37C rtt=495µs COMPLETE
2026-03-18 13:59:51,461 INFO hexapod [SerialServerProcess/Thread-1 (run)]: [recv] STATUS slave=1 t=293109167us err=False | L: θ=-0.073 sp=-0.259 ω=-12.81 τ=-4.67 34C rtt=499µs COMPLETE | R: θ=-0.040 sp=-0.229 ω=-12.40 τ=2.25 33C rtt=500µs COMPLETE
2026-03-18 13:59:51,462 INFO hexapod [SerialServerProcess/Thread-1 (run)]: [recv] STATUS slave=2 t=293107175us err=False | L: θ=-0.099 sp=-0.292 ω=-12.75 τ=-3.29 34C rtt=490µs COMPLETE | R: θ=0.057 sp=-0.385 ω=-10.08 τ=-3.40 34C rtt=495µs COMPLETE
2026-03-18 13:59:51,462 INFO hexapod [SerialServerProcess/Thread-1 (run)]: [recv] STATUS slave=3 t=293102178us err=False | L: θ=-0.030 sp=-0.376 ω=-11.10 τ=1.56 38C rtt=498µs COMPLETE | R: θ=-0.055 sp=-0.502 ω=-11.38 τ=-0.63 37C rtt=494µs COMPLETE
2026-03-18 13:59:51,463 INFO hexapod [SerialServerProcess/Thread-1 (run)]: [recv] STATUS slave=1 t=293110167us err=False | L: θ=-0.085 sp=-0.259 ω=-12.46 τ=-4.56 34C rtt=500µs COMPLETE | R: θ=-0.054 sp=-0.229 ω=-12.33 τ=1.44 33C rtt=503µs COMPLETE
2026-03-18 13:59:51,463 INFO hexapod [SerialServerProcess/Thread-1 (run)]: [recv] STATUS slave=2 t=293108175us err=False | L: θ=-0.113 sp=-0.292 ω=-12.97 τ=-2.02 34C rtt=505µs COMPLETE | R: θ=0.047 sp=-0.385 ω=-10.11 τ=-3.98 34C rtt=499µs COMPLETE
2026-03-18 13:59:51,463 INFO hexapod [SerialServerProcess/Thread-1 (run)]: [recv] STATUS slave=3 t=293103178us err=False | L: θ=-0.041 sp=-0.376 ω=-11.16 τ=1.67 38C rtt=503µs COMPLETE | R: θ=-0.066 sp=-0.502 ω=-11.41 τ=-0.75 37C rtt=497µs COMPLETE
2026-03-18 13:59:51,463 INFO hexapod [SerialServerProcess/Thread-1 (run)]: [recv] STATUS slave=1 t=293111167us err=False | L: θ=-0.097 sp=-0.259 ω=-12.52 τ=-9.52 34C rtt=497µs COMPLETE | R: θ=-0.066 sp=-0.229 ω=-12.65 τ=2.25 33C rtt=507µs COMPLETE
2026-03-18 13:59:51,464 INFO hexapod [SerialServerProcess/Thread-1 (run)]: [recv] STATUS slave=2 t=293109175us err=False | L: θ=-0.126 sp=-0.292 ω=-13.13 τ=-4.44 34C rtt=501µs COMPLETE | R: θ=0.036 sp=-0.385 ω=-10.14 τ=-4.67 34C rtt=498µs COMPLETE
2026-03-18 13:59:51,464 INFO hexapod [SerialServerProcess/Thread-1 (run)]: [recv] STATUS slave=3 t=293104179us err=False | L: θ=-0.052 sp=-0.376 ω=-11.22 τ=2.13 38C rtt=498µs COMPLETE | R: θ=-0.078 sp=-0.502 ω=-11.44 τ=0.29 37C rtt=502µs COMPLETE
2026-03-18 13:59:51,465 INFO hexapod [SerialServerProcess/Thread-1 (run)]: [recv] STATUS slave=1 t=293112167us err=False | L: θ=-0.109 sp=-0.259 ω=-12.37 τ=-8.13 34C rtt=494µs COMPLETE | R: θ=-0.078 sp=-0.229 ω=-12.81 τ=3.63 33C rtt=498µs COMPLETE
2026-03-18 13:59:51,465 INFO hexapod [SerialServerProcess/Thread-1 (run)]: [recv] STATUS slave=2 t=293110175us err=False | L: θ=-0.139 sp=-0.292 ω=-13.25 τ=-5.83 34C rtt=501µs COMPLETE | R: θ=0.026 sp=-0.385 ω=-10.24 τ=-4.33 34C rtt=507µs COMPLETE
2026-03-18 13:59:51,465 INFO hexapod [SerialServerProcess/Thread-1 (run)]: [recv] STATUS slave=1 t=293113167us err=False | L: θ=-0.121 sp=-0.259 ω=-12.11 τ=-7.21 34C rtt=501µs COMPLETE | R: θ=-0.090 sp=-0.229 ω=-12.81 τ=4.21 33C rtt=502µs COMPLETE
2026-03-18 13:59:51,466 INFO hexapod [SerialServerProcess/Thread-1 (run)]: [recv] STATUS slave=2 t=293111175us err=False | L: θ=-0.152 sp=-0.292 ω=-13.29 τ=-6.17 34C rtt=501µs COMPLETE | R: θ=0.015 sp=-0.385 ω=-10.24 τ=-4.44 34C rtt=508µs COMPLETE
2026-03-18 13:59:51,466 INFO hexapod [SerialServerProcess/Thread-1 (run)]: [recv] STATUS slave=1 t=293114167us err=False | L: θ=-0.132 sp=-0.259 ω=-11.79 τ=-11.60 34C rtt=497µs COMPLETE | R: θ=-0.101 sp=-0.229 ω=-12.65 τ=4.10 33C rtt=496µs COMPLETE
2026-03-18 13:59:51,466 INFO hexapod [SerialServerProcess/Thread-1 (run)]: [recv] STATUS slave=2 t=293112175us err=False | L: θ=-0.165 sp=-0.292 ω=-13.25 τ=-4.56 34C rtt=503µs COMPLETE | R: θ=0.005 sp=-0.385 ω=-10.30 τ=-5.25 34C rtt=507µs COMPLETE
2026-03-18 13:59:51,467 INFO hexapod [SerialServerProcess/Thread-1 (run)]: [recv] STATUS slave=1 t=293115167us err=False | L: θ=-0.142 sp=-0.259 ω=-11.76 τ=-9.98 34C rtt=496µs COMPLETE | R: θ=-0.112 sp=-0.229 ω=-12.46 τ=6.52 33C rtt=497µs COMPLETE
2026-03-18 13:59:51,467 INFO hexapod [SerialServerProcess/Thread-1 (run)]: [recv] STATUS slave=2 t=293113175us err=False | L: θ=-0.177 sp=-0.292 ω=-13.16 τ=-6.06 34C rtt=505µs COMPLETE | R: θ=-0.006 sp=-0.385 ω=-10.33 τ=-5.02 34C rtt=494µs COMPLETE
2026-03-18 13:59:51,467 INFO hexapod [SerialServerProcess/Thread-1 (run)]: [recv] STATUS slave=1 t=293116167us err=False | L: θ=-0.153 sp=-0.259 ω=-11.41 τ=-10.10 34C rtt=497µs COMPLETE | R: θ=-0.124 sp=-0.229 ω=-12.27 τ=7.33 33C rtt=501µs COMPLETE
2026-03-18 13:59:51,468 INFO hexapod [SerialServerProcess/Thread-1 (run)]: [recv] STATUS slave=2 t=293114175us err=False | L: θ=-0.190 sp=-0.292 ω=-13.03 τ=-8.94 34C rtt=485µs COMPLETE | R: θ=-0.016 sp=-0.385 ω=-10.37 τ=-5.48 34C rtt=496µs COMPLETE
2026-03-18 13:59:51,468 INFO hexapod [SerialServerProcess/Thread-1 (run)]: [recv] STATUS slave=1 t=293117167us err=False | L: θ=-0.164 sp=-0.259 ω=-11.38 τ=-14.60 34C rtt=498µs COMPLETE | R: θ=-0.134 sp=-0.229 ω=-12.02 τ=6.06 33C rtt=499µs COMPLETE
2026-03-18 13:59:51,468 INFO hexapod [SerialServerProcess/Thread-1 (run)]: [recv] STATUS slave=2 t=293115175us err=False | L: θ=-0.202 sp=-0.292 ω=-12.87 τ=-9.17 34C rtt=502µs COMPLETE | R: θ=-0.027 sp=-0.385 ω=-10.40 τ=-5.37 34C rtt=497µs COMPLETE
2026-03-18 13:59:51,468 INFO hexapod [SerialServerProcess/Thread-1 (run)]: [recv] STATUS slave=3 t=293105178us err=False | L: θ=-0.064 sp=-0.376 ω=-11.22 τ=3.06 38C rtt=501µs COMPLETE | R: θ=-0.090 sp=-0.502 ω=-11.48 τ=-1.21 37C rtt=494µs COMPLETE
2026-03-18 13:59:51,469 INFO hexapod [SerialServerProcess/Thread-1 (run)]: [recv] STATUS slave=1 t=293118167us err=False | L: θ=-0.174 sp=-0.259 ω=-11.22 τ=-10.79 34C rtt=493µs COMPLETE | R: θ=-0.146 sp=-0.229 ω=-11.73 τ=9.17 33C rtt=497µs COMPLETE
2026-03-18 13:59:51,469 INFO hexapod [SerialServerProcess/Thread-1 (run)]: [recv] STATUS slave=2 t=293116175us err=False | L: θ=-0.214 sp=-0.292 ω=-12.68 τ=-7.79 34C rtt=500µs COMPLETE | R: θ=-0.037 sp=-0.385 ω=-10.46 τ=-5.60 34C rtt=496µs COMPLETE
2026-03-18 13:59:51,470 INFO hexapod [SerialServerProcess/Thread-1 (run)]: [recv] STATUS slave=3 t=293106178us err=False | L: θ=-0.075 sp=-0.376 ω=-11.22 τ=2.60 38C rtt=497µs COMPLETE | R: θ=-0.101 sp=-0.502 ω=-11.51 τ=-1.90 37C rtt=505µs COMPLETE
2026-03-18 13:59:51,470 INFO hexapod [SerialServerProcess/Thread-1 (run)]: [recv] STATUS slave=1 t=293119167us err=False | L: θ=-0.184 sp=-0.259 ω=-10.90 τ=-15.17 34C rtt=498µs COMPLETE | R: θ=-0.156 sp=-0.229 ω=-11.48 τ=8.83 33C rtt=499µs COMPLETE
2026-03-18 13:59:51,470 INFO hexapod [SerialServerProcess/Thread-1 (run)]: [recv] STATUS slave=2 t=293117175us err=False | L: θ=-0.225 sp=-0.292 ω=-12.46 τ=-9.98 34C rtt=500µs COMPLETE | R: θ=-0.047 sp=-0.385 ω=-10.46 τ=-6.52 34C rtt=509µs COMPLETE
2026-03-18 13:59:51,471 INFO hexapod [SerialServerProcess/Thread-1 (run)]: [recv] STATUS slave=1 t=293120167us err=False | L: θ=-0.194 sp=-0.259 ω=-10.78 τ=-15.06 34C rtt=496µs COMPLETE | R: θ=-0.165 sp=-0.229 ω=-11.16 τ=8.94 33C rtt=499µs COMPLETE
2026-03-18 13:59:51,471 INFO hexapod [SerialServerProcess/Thread-1 (run)]: [recv] STATUS slave=2 t=293118175us err=False | L: θ=-0.236 sp=-0.292 ω=-12.24 τ=-12.63 34C rtt=499µs COMPLETE | R: θ=-0.057 sp=-0.385 ω=-10.43 τ=-4.67 34C rtt=508µs COMPLETE
2026-03-18 13:59:51,471 INFO hexapod [SerialServerProcess/Thread-1 (run)]: [recv] STATUS slave=3 t=293107179us err=False | L: θ=-0.086 sp=-0.376 ω=-11.22 τ=2.94 38C rtt=503µs COMPLETE | R: θ=-0.112 sp=-0.502 ω=-11.48 τ=-1.56 37C rtt=502µs COMPLETE
2026-03-18 13:59:51,472 INFO hexapod [SerialServerProcess/Thread-1 (run)]: [recv] STATUS slave=1 t=293121167us err=False | L: θ=-0.203 sp=-0.259 ω=-10.52 τ=-13.21 34C rtt=497µs COMPLETE | R: θ=-0.175 sp=-0.229 ω=-10.84 τ=11.60 33C rtt=498µs COMPLETE
2026-03-18 13:59:51,472 INFO hexapod [SerialServerProcess/Thread-1 (run)]: [recv] STATUS slave=2 t=293119175us err=False | L: θ=-0.247 sp=-0.292 ω=-11.98 τ=-10.44 34C rtt=496µs COMPLETE | R: θ=-0.068 sp=-0.385 ω=-10.43 τ=-6.87 34C rtt=493µs COMPLETE
2026-03-18 13:59:51,473 INFO hexapod [SerialServerProcess/Thread-1 (run)]: [recv] STATUS slave=3 t=293108178us err=False | L: θ=-0.098 sp=-0.376 ω=-11.25 τ=3.06 38C rtt=497µs COMPLETE | R: θ=-0.124 sp=-0.502 ω=-11.48 τ=-3.40 37C rtt=501µs COMPLETE
2026-03-18 13:59:51,473 INFO hexapod [SerialServerProcess/Thread-1 (run)]: [recv] STATUS slave=2 t=293120175us err=False | L: θ=-0.257 sp=-0.292 ω=-11.67 τ=-13.67 34C rtt=499µs COMPLETE | R: θ=-0.078 sp=-0.385 ω=-10.40 τ=-6.87 34C rtt=493µs COMPLETE
2026-03-18 13:59:51,474 INFO hexapod [SerialServerProcess/Thread-1 (run)]: [recv] STATUS slave=3 t=293109178us err=False | L: θ=-0.109 sp=-0.376 ω=-11.32 τ=2.48 38C rtt=500µs COMPLETE | R: θ=-0.134 sp=-0.502 ω=-11.41 τ=-4.33 37C rtt=503µs COMPLETE
2026-03-18 13:59:51,474 INFO hexapod [SerialServerProcess/Thread-1 (run)]: [recv] STATUS slave=1 t=293122167us err=False | L: θ=-0.213 sp=-0.259 ω=-10.30 τ=-19.79 34C rtt=496µs COMPLETE | R: θ=-0.183 sp=-0.229 ω=-10.52 τ=9.87 33C rtt=499µs COMPLETE
2026-03-18 13:59:51,474 INFO hexapod [SerialServerProcess/Thread-1 (run)]: [recv] STATUS slave=2 t=293121175us err=False | L: θ=-0.266 sp=-0.292 ω=-11.32 τ=-14.14 34C rtt=497µs COMPLETE | R: θ=-0.088 sp=-0.385 ω=-10.37 τ=-6.75 34C rtt=494µs COMPLETE
2026-03-18 13:59:51,475 INFO hexapod [SerialServerProcess/Thread-1 (run)]: [recv] STATUS slave=3 t=293110178us err=False | L: θ=-0.121 sp=-0.376 ω=-11.35 τ=2.48 38C rtt=501µs COMPLETE | R: θ=-0.145 sp=-0.502 ω=-11.35 τ=-2.48 37C rtt=502µs COMPLETE
2026-03-18 13:59:51,475 INFO hexapod [SerialServerProcess/Thread-1 (run)]: [recv] STATUS slave=1 t=293123167us err=False | L: θ=-0.223 sp=-0.259 ω=-10.11 τ=-13.33 34C rtt=497µs COMPLETE | R: θ=-0.191 sp=-0.229 ω=-10.11 τ=13.21 33C rtt=493µs COMPLETE
2026-03-18 13:59:51,475 INFO hexapod [SerialServerProcess/Thread-1 (run)]: [recv] STATUS slave=2 t=293122175us err=False | L: θ=-0.275 sp=-0.292 ω=-10.94 τ=-13.90 34C rtt=504µs COMPLETE | R: θ=-0.098 sp=-0.385 ω=-10.33 τ=-7.90 34C rtt=489µs COMPLETE
2026-03-18 13:59:51,476 INFO hexapod [SerialServerProcess/Thread-1 (run)]: [recv] STATUS slave=3 t=293111179us err=False | L: θ=-0.132 sp=-0.376 ω=-11.38 τ=3.63 38C rtt=500µs COMPLETE | R: θ=-0.156 sp=-0.502 ω=-11.25 τ=-4.33 37C rtt=505µs COMPLETE
2026-03-18 13:59:51,476 INFO hexapod [SerialServerProcess/Thread-1 (run)]: [recv] STATUS slave=1 t=293124167us err=False | L: θ=-0.232 sp=-0.259 ω=-9.95 τ=-19.90 34C rtt=497µs COMPLETE | R: θ=-0.198 sp=-0.229 ω=-9.63 τ=11.13 33C rtt=500µs COMPLETE
2026-03-18 13:59:51,476 INFO hexapod [SerialServerProcess/Thread-1 (run)]: [recv] STATUS slave=2 t=293123175us err=False | L: θ=-0.285 sp=-0.292 ω=-10.52 τ=-17.60 34C rtt=499µs COMPLETE | R: θ=-0.109 sp=-0.385 ω=-10.30 τ=-7.67 34C rtt=490µs COMPLETE
2026-03-18 13:59:51,477 INFO hexapod [SerialServerProcess/Thread-1 (run)]: [recv] STATUS slave=3 t=293112179us err=False | L: θ=-0.144 sp=-0.376 ω=-11.44 τ=3.52 38C rtt=500µs COMPLETE | R: θ=-0.166 sp=-0.502 ω=-11.16 τ=-4.79 37C rtt=504µs COMPLETE
2026-03-18 13:59:51,477 INFO hexapod [SerialServerProcess/Thread-1 (run)]: [recv] STATUS slave=1 t=293125167us err=False | L: θ=-0.240 sp=-0.259 ω=-9.73 τ=-16.21 34C rtt=496µs COMPLETE | R: θ=-0.206 sp=-0.229 ω=-9.19 τ=13.79 33C rtt=497µs COMPLETE
2026-03-18 13:59:51,477 INFO hexapod [SerialServerProcess/Thread-1 (run)]: [recv] STATUS slave=3 t=293113178us err=False | L: θ=-0.154 sp=-0.376 ω=-11.44 τ=4.44 38C rtt=502µs COMPLETE | R: θ=-0.178 sp=-0.502 ω=-11.06 τ=-2.37 37C rtt=501µs COMPLETE
2026-03-18 13:59:51,478 INFO hexapod [SerialServerProcess/Thread-1 (run)]: [recv] STATUS slave=1 t=293126167us err=False | L: θ=-0.249 sp=-0.259 ω=-9.51 τ=-21.75 34C rtt=493µs COMPLETE | R: θ=-0.212 sp=-0.229 ω=-8.71 τ=14.71 33C rtt=502µs COMPLETE
2026-03-18 13:59:51,478 INFO hexapod [SerialServerProcess/Thread-1 (run)]: [recv] STATUS slave=2 t=293124175us err=False | L: θ=-0.293 sp=-0.292 ω=-10.14 τ=-15.29 34C rtt=502µs COMPLETE | R: θ=-0.118 sp=-0.385 ω=-10.21 τ=-8.48 34C rtt=505µs COMPLETE
2026-03-18 13:59:51,479 INFO hexapod [SerialServerProcess/Thread-1 (run)]: [recv] STATUS slave=3 t=293114179us err=False | L: θ=-0.166 sp=-0.376 ω=-11.44 τ=2.83 38C rtt=503µs COMPLETE | R: θ=-0.189 sp=-0.502 ω=-11.03 τ=-3.06 37C rtt=500µs COMPLETE
2026-03-18 13:59:51,479 INFO hexapod [SerialServerProcess/Thread-1 (run)]: [recv] STATUS slave=1 t=293127167us err=False | L: θ=-0.257 sp=-0.259 ω=-9.35 τ=-16.67 34C rtt=494µs COMPLETE | R: θ=-0.219 sp=-0.229 ω=-8.24 τ=13.10 33C rtt=501µs COMPLETE
2026-03-18 13:59:51,479 INFO hexapod [SerialServerProcess/Thread-1 (run)]: [recv] STATUS slave=2 t=293125175us err=False | L: θ=-0.302 sp=-0.292 ω=-9.79 τ=-19.56 34C rtt=497µs COMPLETE | R: θ=-0.128 sp=-0.385 ω=-10.11 τ=-8.94 34C rtt=493µs COMPLETE
2026-03-18 13:59:51,480 INFO hexapod [SerialServerProcess/Thread-1 (run)]: [recv] STATUS slave=3 t=293115178us err=False | L: θ=-0.177 sp=-0.376 ω=-11.38 τ=2.48 38C rtt=507µs COMPLETE | R: θ=-0.201 sp=-0.502 ω=-11.03 τ=-2.25 37C rtt=489µs COMPLETE
2026-03-18 13:59:51,480 INFO hexapod [SerialServerProcess/Thread-1 (run)]: [recv] STATUS slave=1 t=293128167us err=False | L: θ=-0.264 sp=-0.259 ω=-9.00 τ=-21.06 34C rtt=491µs COMPLETE | R: θ=-0.225 sp=-0.229 ω=-7.83 τ=17.02 33C rtt=494µs COMPLETE
2026-03-18 13:59:51,480 INFO hexapod [SerialServerProcess/Thread-1 (run)]: [recv] STATUS slave=2 t=293126175us err=False | L: θ=-0.311 sp=-0.292 ω=-9.48 τ=-16.33 34C rtt=498µs COMPLETE | R: θ=-0.137 sp=-0.385 ω=-10.05 τ=-9.52 34C rtt=502µs COMPLETE
2026-03-18 13:59:51,481 INFO hexapod [SerialServerProcess/Thread-1 (run)]: [recv] STATUS slave=3 t=293116179us err=False | L: θ=-0.187 sp=-0.376 ω=-11.25 τ=2.37 38C rtt=500µs COMPLETE | R: θ=-0.213 sp=-0.502 ω=-11.10 τ=-0.17 37C rtt=490µs COMPLETE
2026-03-18 13:59:51,481 INFO hexapod [SerialServerProcess/Thread-1 (run)]: [recv] STATUS slave=1 t=293129167us err=False | L: θ=-0.270 sp=-0.259 ω=-8.62 τ=-14.94 34C rtt=494µs COMPLETE | R: θ=-0.231 sp=-0.229 ω=-7.35 τ=14.37 33C rtt=502µs COMPLETE
2026-03-18 13:59:51,481 INFO hexapod [SerialServerProcess/Thread-1 (run)]: [recv] STATUS slave=2 t=293127175us err=False | L: θ=-0.319 sp=-0.292 ω=-9.16 τ=-22.10 34C rtt=502µs COMPLETE | R: θ=-0.146 sp=-0.385 ω=-9.92 τ=-10.44 34C rtt=492µs COMPLETE
2026-03-18 13:59:51,482 INFO hexapod [SerialServerProcess/Thread-1 (run)]: [recv] STATUS slave=3 t=293117179us err=False | L: θ=-0.197 sp=-0.376 ω=-11.10 τ=1.44 38C rtt=503µs COMPLETE | R: θ=-0.225 sp=-0.502 ω=-11.25 τ=-1.33 37C rtt=492µs COMPLETE
2026-03-18 13:59:51,482 INFO hexapod [SerialServerProcess/Thread-1 (run)]: [recv] STATUS slave=1 t=293130167us err=False | L: θ=-0.276 sp=-0.259 ω=-8.17 τ=-18.52 34C rtt=496µs COMPLETE | R: θ=-0.235 sp=-0.229 ω=-6.90 τ=13.79 33C rtt=499µs COMPLETE
2026-03-18 13:59:51,482 INFO hexapod [SerialServerProcess/Thread-1 (run)]: [recv] STATUS slave=2 t=293128175us err=False | L: θ=-0.326 sp=-0.292 ω=-8.81 τ=-17.94 34C rtt=499µs COMPLETE | R: θ=-0.155 sp=-0.385 ω=-9.76 τ=-9.40 34C rtt=504µs COMPLETE
2026-03-18 13:59:51,483 INFO hexapod [SerialServerProcess/Thread-1 (run)]: [recv] STATUS slave=3 t=293118178us err=False | L: θ=-0.207 sp=-0.376 ω=-10.90 τ=0.98 38C rtt=509µs COMPLETE | R: θ=-0.238 sp=-0.502 ω=-11.44 τ=-0.87 37C rtt=489µs COMPLETE
2026-03-18 13:59:51,483 INFO hexapod [SerialServerProcess/Thread-1 (run)]: [recv] STATUS slave=1 t=293131167us err=False | L: θ=-0.281 sp=-0.259 ω=-7.63 τ=-20.25 34C rtt=495µs COMPLETE | R: θ=-0.239 sp=-0.229 ω=-6.40 τ=15.64 33C rtt=502µs COMPLETE
2026-03-18 13:59:51,483 INFO hexapod [SerialServerProcess/Thread-1 (run)]: [recv] STATUS slave=2 t=293129175us err=False | L: θ=-0.333 sp=-0.292 ω=-8.46 τ=-20.02 34C rtt=498µs COMPLETE | R: θ=-0.164 sp=-0.385 ω=-9.60 τ=-9.63 34C rtt=490µs COMPLETE
2026-03-18 13:59:51,483 INFO hexapod [SerialServerProcess/Thread-1 (run)]: [recv] STATUS slave=3 t=293119178us err=False | L: θ=-0.217 sp=-0.376 ω=-10.68 τ=0.17 38C rtt=516µs COMPLETE | R: θ=-0.250 sp=-0.502 ω=-11.63 τ=1.10 37C rtt=494µs COMPLETE
2026-03-18 13:59:51,484 INFO hexapod [SerialServerProcess/Thread-1 (run)]: [recv] STATUS slave=1 t=293132167us err=False | L: θ=-0.286 sp=-0.259 ω=-7.06 τ=-15.06 34C rtt=496µs COMPLETE | R: θ=-0.242 sp=-0.229 ω=-5.83 τ=15.87 33C rtt=499µs COMPLETE
2026-03-18 13:59:51,484 INFO hexapod [SerialServerProcess/Thread-1 (run)]: [recv] STATUS slave=2 t=293130175us err=False | L: θ=-0.338 sp=-0.292 ω=-8.05 τ=-20.25 34C rtt=499µs COMPLETE | R: θ=-0.172 sp=-0.385 ω=-9.38 τ=-8.60 34C rtt=488µs COMPLETE
2026-03-18 13:59:51,484 INFO hexapod [SerialServerProcess/Thread-1 (run)]: [recv] STATUS slave=3 t=293120178us err=False | L: θ=-0.227 sp=-0.376 ω=-10.46 τ=-0.40 38C rtt=501µs COMPLETE | R: θ=-0.262 sp=-0.502 ω=-11.83 τ=-1.10 37C rtt=507µs COMPLETE
2026-03-18 13:59:51,485 INFO hexapod [SerialServerProcess/Thread-1 (run)]: [recv] STATUS slave=1 t=293133167us err=False | L: θ=-0.290 sp=-0.259 ω=-6.52 τ=-14.71 34C rtt=495µs COMPLETE | R: θ=-0.244 sp=-0.229 ω=-5.25 τ=14.83 33C rtt=502µs COMPLETE
2026-03-18 13:59:51,485 INFO hexapod [SerialServerProcess/Thread-1 (run)]: [recv] STATUS slave=2 t=293131175us err=False | L: θ=-0.344 sp=-0.292 ω=-7.67 τ=-17.37 34C rtt=496µs COMPLETE | R: θ=-0.180 sp=-0.385 ω=-9.16 τ=-10.10 34C rtt=490µs COMPLETE
2026-03-18 13:59:51,485 INFO hexapod [SerialServerProcess/Thread-1 (run)]: [recv] STATUS slave=3 t=293121178us err=False | L: θ=-0.236 sp=-0.376 ω=-10.21 τ=-0.63 38C rtt=502µs COMPLETE | R: θ=-0.275 sp=-0.502 ω=-11.98 τ=-1.67 37C rtt=500µs COMPLETE
2026-03-18 13:59:51,485 INFO hexapod [SerialServerProcess/Thread-1 (run)]: [recv] STATUS slave=1 t=293134167us err=False | L: θ=-0.293 sp=-0.259 ω=-5.92 τ=-17.94 34C rtt=490µs COMPLETE | R: θ=-0.246 sp=-0.229 ω=-4.65 τ=13.44 33C rtt=500µs COMPLETE
2026-03-18 13:59:51,486 INFO hexapod [SerialServerProcess/Thread-1 (run)]: [recv] STATUS slave=2 t=293132175us err=False | L: θ=-0.349 sp=-0.292 ω=-7.19 τ=-20.83 34C rtt=497µs COMPLETE | R: θ=-0.189 sp=-0.385 ω=-8.94 τ=-9.06 34C rtt=487µs COMPLETE
2026-03-18 13:59:51,486 INFO hexapod [SerialServerProcess/Thread-1 (run)]: [recv] STATUS slave=3 t=293122179us err=False | L: θ=-0.244 sp=-0.376 ω=-9.92 τ=-1.21 38C rtt=501µs COMPLETE | R: θ=-0.286 sp=-0.502 ω=-12.08 τ=-2.25 37C rtt=505µs COMPLETE
2026-03-18 13:59:51,487 INFO hexapod [SerialServerProcess/Thread-1 (run)]: [recv] STATUS slave=1 t=293135167us err=False | L: θ=-0.295 sp=-0.259 ω=-5.19 τ=-17.60 34C rtt=491µs COMPLETE | R: θ=-0.247 sp=-0.229 ω=-4.02 τ=12.63 33C rtt=497µs COMPLETE
2026-03-18 13:59:51,487 INFO hexapod [SerialServerProcess/Thread-1 (run)]: [recv] STATUS slave=2 t=293133175us err=False | L: θ=-0.354 sp=-0.292 ω=-6.68 τ=-21.87 34C rtt=501µs COMPLETE | R: θ=-0.196 sp=-0.385 ω=-8.68 τ=-10.21 34C rtt=497µs COMPLETE
2026-03-18 13:59:51,487 INFO hexapod [SerialServerProcess/Thread-1 (run)]: [recv] STATUS slave=3 t=293123178us err=False | L: θ=-0.253 sp=-0.376 ω=-9.60 τ=-1.67 38C rtt=502µs COMPLETE | R: θ=-0.297 sp=-0.502 ω=-12.08 τ=-1.10 37C rtt=509µs COMPLETE
2026-03-18 13:59:51,488 INFO hexapod [SerialServerProcess/Thread-1 (run)]: [recv] STATUS slave=1 t=293136167us err=False | L: θ=-0.296 sp=-0.259 ω=-4.46 τ=-15.64 34C rtt=491µs COMPLETE | R: θ=-0.248 sp=-0.229 ω=-3.35 τ=11.60 33C rtt=494µs COMPLETE
2026-03-18 13:59:51,488 INFO hexapod [SerialServerProcess/Thread-1 (run)]: [recv] STATUS slave=2 t=293134175us err=False | L: θ=-0.357 sp=-0.292 ω=-6.11 τ=-18.06 34C rtt=504µs COMPLETE | R: θ=-0.204 sp=-0.385 ω=-8.46 τ=-9.75 34C rtt=491µs COMPLETE
2026-03-18 13:59:51,488 INFO hexapod [SerialServerProcess/Thread-1 (run)]: [recv] STATUS slave=3 t=293124178us err=False | L: θ=-0.260 sp=-0.376 ω=-9.29 τ=-2.71 38C rtt=505µs COMPLETE | R: θ=-0.307 sp=-0.502 ω=-11.92 τ=-0.52 37C rtt=502µs COMPLETE
2026-03-18 13:59:51,489 INFO hexapod [SerialServerProcess/Thread-1 (run)]: [recv] STATUS slave=1 t=293137167us err=False | L: θ=-0.297 sp=-0.259 ω=-3.79 τ=-14.25 34C rtt=492µs COMPLETE | R: θ=-0.248 sp=-0.229 ω=-2.68 τ=11.37 33C rtt=499µs COMPLETE
2026-03-18 13:59:51,489 INFO hexapod [SerialServerProcess/Thread-1 (run)]: [recv] STATUS slave=2 t=293135175us err=False | L: θ=-0.361 sp=-0.292 ω=-5.57 τ=-17.60 34C rtt=499µs COMPLETE | R: θ=-0.212 sp=-0.385 ω=-8.27 τ=-6.17 34C rtt=493µs COMPLETE
2026-03-18 13:59:51,490 INFO hexapod [SerialServerProcess/Thread-1 (run)]: [recv] STATUS slave=3 t=293125179us err=False | L: θ=-0.267 sp=-0.376 ω=-8.90 τ=-3.06 38C rtt=505µs COMPLETE | R: θ=-0.317 sp=-0.502 ω=-11.73 τ=-0.29 37C rtt=501µs COMPLETE
2026-03-18 13:59:51,490 INFO hexapod [SerialServerProcess/Thread-1 (run)]: [recv] STATUS slave=1 t=293138167us err=False | L: θ=-0.298 sp=-0.259 ω=-3.13 τ=-13.33 34C rtt=489µs COMPLETE | R: θ=-0.248 sp=-0.229 ω=-2.05 τ=11.48 33C rtt=500µs COMPLETE
2026-03-18 13:59:51,490 INFO hexapod [SerialServerProcess/Thread-1 (run)]: [recv] STATUS slave=2 t=293136175us err=False | L: θ=-0.364 sp=-0.292 ω=-5.03 τ=-19.21 34C rtt=496µs COMPLETE | R: θ=-0.220 sp=-0.385 ω=-8.11 τ=-8.83 34C rtt=503µs COMPLETE
2026-03-18 13:59:51,490 INFO hexapod [SerialServerProcess/Thread-1 (run)]: [recv] STATUS slave=3 t=293126178us err=False | L: θ=-0.274 sp=-0.376 ω=-8.49 τ=-3.17 38C rtt=498µs COMPLETE | R: θ=-0.327 sp=-0.502 ω=-11.41 τ=0.75 37C rtt=502µs COMPLETE
2026-03-18 13:59:51,492 INFO hexapod [SerialServerProcess/Thread-1 (run)]: [recv] STATUS slave=1 t=293139167us err=False | L: θ=-0.297 sp=-0.259 ω=-2.46 τ=-13.21 34C rtt=506µs COMPLETE | R: θ=-0.247 sp=-0.229 ω=-1.41 τ=11.60 33C rtt=499µs COMPLETE
2026-03-18 13:59:51,492 INFO hexapod [SerialServerProcess/Thread-1 (run)]: [recv] STATUS slave=2 t=293137175us err=False | L: θ=-0.367 sp=-0.292 ω=-4.49 τ=-19.79 34C rtt=495µs COMPLETE | R: θ=-0.227 sp=-0.385 ω=-8.02 τ=-8.48 34C rtt=505µs COMPLETE
2026-03-18 13:59:51,492 INFO hexapod [SerialServerProcess/Thread-1 (run)]: [recv] STATUS slave=3 t=293127179us err=False | L: θ=-0.280 sp=-0.376 ω=-8.05 τ=-3.06 38C rtt=504µs COMPLETE | R: θ=-0.336 sp=-0.502 ω=-11.06 τ=0.87 37C rtt=503µs COMPLETE
2026-03-18 13:59:51,493 INFO hexapod [SerialServerProcess/Thread-1 (run)]: [recv] STATUS slave=1 t=293140167us err=False | L: θ=-0.296 sp=-0.259 ω=-1.79 τ=-12.52 34C rtt=493µs COMPLETE | R: θ=-0.245 sp=-0.229 ω=-0.87 τ=11.02 33C rtt=501µs COMPLETE
2026-03-18 13:59:51,493 INFO hexapod [SerialServerProcess/Thread-1 (run)]: [recv] STATUS slave=2 t=293138175us err=False | L: θ=-0.369 sp=-0.292 ω=-4.05 τ=-19.67 34C rtt=498µs COMPLETE | R: θ=-0.234 sp=-0.385 ω=-7.86 τ=-8.83 34C rtt=492µs COMPLETE
2026-03-18 13:59:51,493 INFO hexapod [SerialServerProcess/Thread-1 (run)]: [recv] STATUS slave=3 t=293128179us err=False | L: θ=-0.285 sp=-0.376 ω=-7.54 τ=-3.29 38C rtt=500µs COMPLETE | R: θ=-0.345 sp=-0.502 ω=-10.65 τ=0.98 37C rtt=501µs COMPLETE
2026-03-18 13:59:51,494 INFO hexapod [SerialServerProcess/Thread-1 (run)]: [recv] STATUS slave=1 t=293141167us err=False | L: θ=-0.294 sp=-0.259 ω=-1.06 τ=-12.40 34C rtt=492µs COMPLETE | R: θ=-0.244 sp=-0.229 ω=-0.33 τ=10.79 33C rtt=500µs COMPLETE
2026-03-18 13:59:51,494 INFO hexapod [SerialServerProcess/Thread-1 (run)]: [recv] STATUS slave=2 t=293139175us err=False | L: θ=-0.371 sp=-0.292 ω=-3.54 τ=-18.29 34C rtt=498µs COMPLETE | R: θ=-0.242 sp=-0.385 ω=-7.73 τ=-8.25 34C rtt=486µs COMPLETE
2026-03-18 13:59:51,494 INFO hexapod [SerialServerProcess/Thread-1 (run)]: [recv] STATUS slave=1 t=293142167us err=False | L: θ=-0.293 sp=-0.259 ω=-0.40 τ=-12.06 34C rtt=492µs COMPLETE | R: θ=-0.242 sp=-0.229 ω=0.14 τ=10.44 33C rtt=501µs COMPLETE
2026-03-18 13:59:51,494 INFO hexapod [SerialServerProcess/Thread-1 (run)]: [recv] STATUS slave=2 t=293140175us err=False | L: θ=-0.372 sp=-0.292 ω=-3.10 τ=-16.90 34C rtt=497µs COMPLETE | R: θ=-0.249 sp=-0.385 ω=-7.63 τ=-8.02 34C rtt=502µs COMPLETE
2026-03-18 13:59:51,495 INFO hexapod [SerialServerProcess/Thread-1 (run)]: [recv] STATUS slave=3 t=293129178us err=False | L: θ=-0.290 sp=-0.376 ω=-7.03 τ=-3.17 38C rtt=501µs COMPLETE | R: θ=-0.354 sp=-0.502 ω=-10.27 τ=1.44 37C rtt=508µs COMPLETE
2026-03-18 13:59:51,495 INFO hexapod [SerialServerProcess/Thread-1 (run)]: [recv] STATUS slave=1 t=293143167us err=False | L: θ=-0.290 sp=-0.259 ω=0.24 τ=-8.60 34C rtt=491µs COMPLETE | R: θ=-0.239 sp=-0.229 ω=0.65 τ=9.17 33C rtt=502µs COMPLETE
2026-03-18 13:59:51,496 INFO hexapod [SerialServerProcess/Thread-1 (run)]: [recv] STATUS slave=2 t=293141174us err=False | L: θ=-0.373 sp=-0.292 ω=-2.62 τ=-15.75 34C rtt=496µs COMPLETE | R: θ=-0.255 sp=-0.385 ω=-7.48 τ=-7.79 34C rtt=488µs COMPLETE
2026-03-18 13:59:51,496 INFO hexapod [SerialServerProcess/Thread-1 (run)]: [recv] STATUS slave=3 t=293130179us err=False | L: θ=-0.294 sp=-0.376 ω=-6.52 τ=-3.52 38C rtt=503µs COMPLETE | R: θ=-0.362 sp=-0.502 ω=-9.86 τ=2.02 37C rtt=499µs COMPLETE
2026-03-18 13:59:51,497 INFO hexapod [SerialServerProcess/Thread-1 (run)]: [recv] STATUS slave=3 t=293131178us err=False | L: θ=-0.299 sp=-0.376 ω=-6.02 τ=-4.33 38C rtt=502µs COMPLETE | R: θ=-0.370 sp=-0.502 ω=-9.48 τ=2.37 37C rtt=508µs COMPLETE
2026-03-18 13:59:51,497 INFO hexapod [SerialServerProcess/Thread-1 (run)]: [recv] STATUS slave=1 t=293144167us err=False | L: θ=-0.286 sp=-0.259 ω=0.84 τ=-6.29 34C rtt=494µs COMPLETE | R: θ=-0.237 sp=-0.229 ω=1.10 τ=6.17 33C rtt=503µs COMPLETE
2026-03-18 13:59:51,497 INFO hexapod [SerialServerProcess/Thread-1 (run)]: [recv] STATUS slave=2 t=293142175us err=False | L: θ=-0.373 sp=-0.292 ω=-2.17 τ=-15.40 34C rtt=501µs COMPLETE | R: θ=-0.262 sp=-0.385 ω=-7.32 τ=-7.67 34C rtt=494µs COMPLETE
2026-03-18 13:59:51,497 INFO hexapod [SerialServerProcess/Thread-1 (run)]: [recv] STATUS slave=3 t=293132179us err=False | L: θ=-0.303 sp=-0.376 ω=-5.54 τ=-4.44 38C rtt=503µs COMPLETE | R: θ=-0.377 sp=-0.502 ω=-9.16 τ=2.25 37C rtt=507µs COMPLETE
2026-03-18 13:59:51,498 INFO hexapod [SerialServerProcess/Thread-1 (run)]: [recv] STATUS slave=1 t=293145167us err=False | L: θ=-0.283 sp=-0.259 ω=1.41 τ=-5.71 34C rtt=505µs COMPLETE | R: θ=-0.234 sp=-0.229 ω=1.51 τ=4.56 33C rtt=506µs COMPLETE
2026-03-18 13:59:51,498 INFO hexapod [SerialServerProcess/Thread-1 (run)]: [recv] STATUS slave=2 t=293143175us err=False | L: θ=-0.373 sp=-0.292 ω=-1.70 τ=-15.52 34C rtt=497µs COMPLETE | R: θ=-0.268 sp=-0.385 ω=-7.13 τ=-7.10 34C rtt=504µs COMPLETE
2026-03-18 13:59:51,498 INFO hexapod [SerialServerProcess/Thread-1 (run)]: [recv] STATUS slave=3 t=293133178us err=False | L: θ=-0.306 sp=-0.376 ω=-5.13 τ=-4.21 38C rtt=502µs COMPLETE | R: θ=-0.385 sp=-0.502 ω=-8.78 τ=2.13 37C rtt=488µs COMPLETE
2026-03-18 13:59:51,499 INFO hexapod [SerialServerProcess/Thread-1 (run)]: [recv] STATUS slave=1 t=293146167us err=False | L: θ=-0.279 sp=-0.259 ω=1.98 τ=-7.56 34C rtt=510µs COMPLETE | R: θ=-0.230 sp=-0.229 ω=1.92 τ=2.94 33C rtt=504µs COMPLETE
2026-03-18 13:59:51,499 INFO hexapod [SerialServerProcess/Thread-1 (run)]: [recv] STATUS slave=2 t=293144175us err=False | L: θ=-0.372 sp=-0.292 ω=-1.22 τ=-15.87 34C rtt=502µs COMPLETE | R: θ=-0.274 sp=-0.385 ω=-6.94 τ=-6.17 34C rtt=504µs COMPLETE
2026-03-18 13:59:51,499 INFO hexapod [SerialServerProcess/Thread-1 (run)]: [recv] STATUS slave=3 t=293134178us err=False | L: θ=-0.310 sp=-0.376 ω=-4.75 τ=-4.56 38C rtt=503µs COMPLETE | R: θ=-0.391 sp=-0.502 ω=-8.40 τ=2.94 37C rtt=499µs COMPLETE
2026-03-18 13:59:51,500 INFO hexapod [SerialServerProcess/Thread-1 (run)]: [recv] STATUS slave=1 t=293147167us err=False | L: θ=-0.275 sp=-0.259 ω=2.46 τ=-5.94 34C rtt=491µs COMPLETE | R: θ=-0.226 sp=-0.229 ω=2.27 τ=2.25 33C rtt=501µs COMPLETE
2026-03-18 13:59:51,500 INFO hexapod [SerialServerProcess/Thread-1 (run)]: [recv] STATUS slave=2 t=293145175us err=False | L: θ=-0.372 sp=-0.292 ω=-0.81 τ=-16.56 34C rtt=500µs COMPLETE | R: θ=-0.280 sp=-0.385 ω=-6.71 τ=-5.13 34C rtt=502µs COMPLETE
2026-03-18 13:59:51,500 INFO hexapod [SerialServerProcess/Thread-1 (run)]: [recv] STATUS slave=1 t=293148167us err=False | L: θ=-0.271 sp=-0.259 ω=2.87 τ=-3.29 34C rtt=505µs COMPLETE | R: θ=-0.223 sp=-0.229 ω=2.62 τ=1.67 33C rtt=508µs COMPLETE
2026-03-18 13:59:51,501 INFO hexapod [SerialServerProcess/Thread-1 (run)]: [recv] STATUS slave=2 t=293146175us err=False | L: θ=-0.371 sp=-0.292 ω=-0.40 τ=-17.71 34C rtt=495µs COMPLETE | R: θ=-0.286 sp=-0.385 ω=-6.59 τ=-4.21 34C rtt=505µs COMPLETE
2026-03-18 13:59:51,501 INFO hexapod [SerialServerProcess/Thread-1 (run)]: [recv] STATUS slave=3 t=293135178us err=False | L: θ=-0.314 sp=-0.376 ω=-4.43 τ=-4.56 38C rtt=498µs COMPLETE | R: θ=-0.397 sp=-0.502 ω=-8.02 τ=3.06 37C rtt=491µs COMPLETE
2026-03-18 13:59:51,501 INFO hexapod [SerialServerProcess/Thread-1 (run)]: [recv] STATUS slave=1 t=293149167us err=False | L: θ=-0.267 sp=-0.259 ω=3.25 τ=-2.37 34C rtt=490µs COMPLETE | R: θ=-0.219 sp=-0.229 ω=2.90 τ=0.17 33C rtt=501µs COMPLETE
2026-03-18 13:59:51,501 INFO hexapod [SerialServerProcess/Thread-1 (run)]: [recv] STATUS slave=2 t=293147175us err=False | L: θ=-0.370 sp=-0.292 ω=-0.02 τ=-18.06 34C rtt=496µs COMPLETE | R: θ=-0.292 sp=-0.385 ω=-6.43 τ=-3.98 34C rtt=505µs COMPLETE
2026-03-18 13:59:51,502 INFO hexapod [SerialServerProcess/Thread-1 (run)]: [recv] STATUS slave=3 t=293136178us err=False | L: θ=-0.317 sp=-0.376 ω=-4.14 τ=-4.21 38C rtt=504µs COMPLETE | R: θ=-0.402 sp=-0.502 ω=-7.60 τ=2.94 37C rtt=498µs COMPLETE
2026-03-18 13:59:51,502 INFO hexapod [SerialServerProcess/Thread-1 (run)]: [recv] STATUS slave=3 t=293137178us err=False | L: θ=-0.320 sp=-0.376 ω=-3.92 τ=-4.10 38C rtt=501µs COMPLETE | R: θ=-0.407 sp=-0.502 ω=-7.13 τ=3.29 37C rtt=499µs COMPLETE
2026-03-18 13:59:51,502 INFO hexapod [SerialServerProcess/Thread-1 (run)]: [recv] STATUS slave=1 t=293150167us err=False | L: θ=-0.262 sp=-0.259 ω=3.57 τ=-2.71 34C rtt=491µs COMPLETE | R: θ=-0.215 sp=-0.229 ω=3.16 τ=-0.75 33C rtt=500µs COMPLETE
2026-03-18 13:59:51,503 INFO hexapod [SerialServerProcess/Thread-1 (run)]: [recv] STATUS slave=2 t=293148175us err=False | L: θ=-0.368 sp=-0.292 ω=0.37 τ=-18.64 34C rtt=495µs COMPLETE | R: θ=-0.298 sp=-0.385 ω=-6.24 τ=-2.94 34C rtt=501µs COMPLETE
2026-03-18 13:59:51,503 INFO hexapod [SerialServerProcess/Thread-1 (run)]: [recv] STATUS slave=3 t=293138178us err=False | L: θ=-0.323 sp=-0.376 ω=-3.70 τ=-3.29 38C rtt=504µs COMPLETE | R: θ=-0.412 sp=-0.502 ω=-6.68 τ=3.29 37C rtt=500µs COMPLETE
2026-03-18 13:59:51,503 INFO hexapod [SerialServerProcess/Thread-1 (run)]: [recv] STATUS slave=1 t=293151167us err=False | L: θ=-0.258 sp=-0.259 ω=3.86 τ=-1.21 34C rtt=492µs COMPLETE | R: θ=-0.212 sp=-0.229 ω=3.38 τ=-0.52 33C rtt=497µs COMPLETE
2026-03-18 13:59:51,503 INFO hexapod [SerialServerProcess/Thread-1 (run)]: [recv] STATUS slave=2 t=293149175us err=False | L: θ=-0.366 sp=-0.292 ω=0.71 τ=-19.67 34C rtt=500µs COMPLETE | R: θ=-0.304 sp=-0.385 ω=-6.17 τ=-2.71 34C rtt=503µs COMPLETE
2026-03-18 13:59:51,504 INFO hexapod [SerialServerProcess/Thread-1 (run)]: [recv] STATUS slave=2 t=293150175us err=False | L: θ=-0.363 sp=-0.292 ω=1.06 τ=-15.87 34C rtt=497µs COMPLETE | R: θ=-0.310 sp=-0.385 ω=-6.11 τ=-1.79 34C rtt=504µs COMPLETE
2026-03-18 13:59:51,504 INFO hexapod [SerialServerProcess/Thread-1 (run)]: [recv] STATUS slave=3 t=293139178us err=False | L: θ=-0.325 sp=-0.376 ω=-3.44 τ=-3.52 38C rtt=503µs COMPLETE | R: θ=-0.416 sp=-0.502 ω=-6.24 τ=2.83 37C rtt=506µs COMPLETE
2026-03-18 13:59:51,504 INFO hexapod [SerialServerProcess/Thread-1 (run)]: [recv] STATUS slave=1 t=293152167us err=False | L: θ=-0.254 sp=-0.259 ω=4.02 τ=-0.29 34C rtt=493µs COMPLETE | R: θ=-0.208 sp=-0.229 ω=3.51 τ=-1.56 33C rtt=499µs COMPLETE
2026-03-18 13:59:51,504 INFO hexapod [SerialServerProcess/Thread-1 (run)]: [recv] STATUS slave=2 t=293151175us err=False | L: θ=-0.361 sp=-0.292 ω=1.38 τ=-16.79 34C rtt=501µs COMPLETE | R: θ=-0.315 sp=-0.385 ω=-6.02 τ=-1.44 34C rtt=504µs COMPLETE
2026-03-18 13:59:51,504 INFO hexapod [SerialServerProcess/Thread-1 (run)]: [recv] STATUS slave=3 t=293140179us err=False | L: θ=-0.327 sp=-0.376 ω=-3.19 τ=-2.83 38C rtt=498µs COMPLETE | R: θ=-0.420 sp=-0.502 ω=-5.73 τ=2.83 37C rtt=500µs COMPLETE
2026-03-18 13:59:51,505 INFO hexapod [SerialServerProcess/Thread-1 (run)]: [recv] STATUS slave=1 t=293153167us err=False | L: θ=-0.249 sp=-0.259 ω=4.14 τ=0.17 34C rtt=505µs COMPLETE | R: θ=-0.204 sp=-0.229 ω=3.60 τ=-2.13 33C rtt=502µs COMPLETE
2026-03-18 13:59:51,505 INFO hexapod [SerialServerProcess/Thread-1 (run)]: [recv] STATUS slave=2 t=293152175us err=False | L: θ=-0.358 sp=-0.292 ω=1.70 τ=-14.60 34C rtt=504µs COMPLETE | R: θ=-0.320 sp=-0.385 ω=-5.86 τ=-0.87 34C rtt=508µs COMPLETE
2026-03-18 13:59:51,506 INFO hexapod [SerialServerProcess/Thread-1 (run)]: [recv] STATUS slave=3 t=293141178us err=False | L: θ=-0.329 sp=-0.376 ω=-2.97 τ=-2.48 38C rtt=497µs COMPLETE | R: θ=-0.423 sp=-0.502 ω=-5.22 τ=2.25 37C rtt=504µs COMPLETE
2026-03-18 13:59:51,506 INFO hexapod [SerialServerProcess/Thread-1 (run)]: [recv] STATUS slave=1 t=293154167us err=False | L: θ=-0.245 sp=-0.259 ω=4.21 τ=0.40 34C rtt=490µs COMPLETE | R: θ=-0.201 sp=-0.229 ω=3.60 τ=-2.60 33C rtt=497µs COMPLETE
2026-03-18 13:59:51,507 INFO hexapod [SerialServerProcess/Thread-1 (run)]: [recv] STATUS slave=2 t=293153175us err=False | L: θ=-0.354 sp=-0.292 ω=2.02 τ=-14.25 34C rtt=497µs COMPLETE | R: θ=-0.325 sp=-0.385 ω=-5.70 τ=-0.75 34C rtt=500µs COMPLETE
2026-03-18 13:59:51,507 INFO hexapod [SerialServerProcess/Thread-1 (run)]: [recv] STATUS slave=3 t=293142179us err=False | L: θ=-0.330 sp=-0.376 ω=-2.68 τ=-2.02 38C rtt=499µs COMPLETE | R: θ=-0.426 sp=-0.502 ω=-4.81 τ=2.37 37C rtt=501µs COMPLETE
2026-03-18 13:59:51,508 INFO hexapod [SerialServerProcess/Thread-1 (run)]: [recv] STATUS slave=1 t=293155167us err=False | L: θ=-0.241 sp=-0.259 ω=4.27 τ=0.98 34C rtt=489µs COMPLETE | R: θ=-0.199 sp=-0.229 ω=3.54 τ=-2.94 33C rtt=498µs COMPLETE
2026-03-18 13:59:51,508 INFO hexapod [SerialServerProcess/Thread-1 (run)]: [recv] STATUS slave=3 t=293143178us err=False | L: θ=-0.332 sp=-0.376 ω=-2.40 τ=-1.33 38C rtt=498µs COMPLETE | R: θ=-0.429 sp=-0.502 ω=-4.37 τ=2.94 37C rtt=502µs COMPLETE
2026-03-18 13:59:51,509 INFO hexapod [SerialServerProcess/Thread-1 (run)]: [recv] STATUS slave=1 t=293156167us err=False | L: θ=-0.237 sp=-0.259 ω=4.24 τ=1.44 34C rtt=490µs COMPLETE | R: θ=-0.196 sp=-0.229 ω=3.41 τ=-5.02 33C rtt=501µs COMPLETE
2026-03-18 13:59:51,509 INFO hexapod [SerialServerProcess/Thread-1 (run)]: [recv] STATUS slave=2 t=293154175us err=False | L: θ=-0.351 sp=-0.292 ω=2.37 τ=-11.94 34C rtt=498µs COMPLETE | R: θ=-0.329 sp=-0.385 ω=-5.51 τ=-0.29 34C rtt=496µs COMPLETE
2026-03-18 13:59:51,509 INFO hexapod [SerialServerProcess/Thread-1 (run)]: [recv] STATUS slave=3 t=293144178us err=False | L: θ=-0.333 sp=-0.376 ω=-2.11 τ=-0.87 38C rtt=499µs COMPLETE | R: θ=-0.432 sp=-0.502 ω=-4.02 τ=3.17 37C rtt=501µs COMPLETE
2026-03-18 13:59:51,510 INFO hexapod [SerialServerProcess/Thread-1 (run)]: [recv] STATUS slave=1 t=293157167us err=False | L: θ=-0.234 sp=-0.259 ω=4.21 τ=2.48 34C rtt=491µs COMPLETE | R: θ=-0.194 sp=-0.229 ω=3.25 τ=-6.75 33C rtt=496µs COMPLETE
2026-03-18 13:59:51,510 INFO hexapod [SerialServerProcess/Thread-1 (run)]: [recv] STATUS slave=2 t=293155175us err=False | L: θ=-0.347 sp=-0.292 ω=2.68 τ=-13.33 34C rtt=497µs COMPLETE | R: θ=-0.333 sp=-0.385 ω=-5.29 τ=0.40 34C rtt=500µs COMPLETE
2026-03-18 13:59:51,511 INFO hexapod [SerialServerProcess/Thread-1 (run)]: [recv] STATUS slave=1 t=293158167us err=False | L: θ=-0.231 sp=-0.259 ω=4.08 τ=4.21 34C rtt=492µs COMPLETE | R: θ=-0.191 sp=-0.229 ω=3.10 τ=-8.13 33C rtt=496µs COMPLETE
2026-03-18 13:59:51,511 INFO hexapod [SerialServerProcess/Thread-1 (run)]: [recv] STATUS slave=2 t=293156175us err=False | L: θ=-0.342 sp=-0.292 ω=3.03 τ=-12.63 34C rtt=494µs COMPLETE | R: θ=-0.337 sp=-0.385 ω=-5.06 τ=0.52 34C rtt=505µs COMPLETE
2026-03-18 13:59:51,511 INFO hexapod [SerialServerProcess/Thread-1 (run)]: [recv] STATUS slave=3 t=293145179us err=False | L: θ=-0.333 sp=-0.376 ω=-1.83 τ=-0.52 38C rtt=499µs COMPLETE | R: θ=-0.435 sp=-0.502 ω=-3.73 τ=3.40 37C rtt=498µs COMPLETE
2026-03-18 13:59:51,511 INFO hexapod [SerialServerProcess/Thread-1 (run)]: [recv] STATUS slave=1 t=293159167us err=False | L: θ=-0.227 sp=-0.259 ω=3.95 τ=5.48 34C rtt=491µs COMPLETE | R: θ=-0.189 sp=-0.229 ω=2.94 τ=-8.60 33C rtt=497µs COMPLETE
2026-03-18 13:59:51,512 INFO hexapod [SerialServerProcess/Thread-1 (run)]: [recv] STATUS slave=2 t=293157175us err=False | L: θ=-0.338 sp=-0.292 ω=3.35 τ=-13.44 34C rtt=498µs COMPLETE | R: θ=-0.342 sp=-0.385 ω=-4.84 τ=0.63 34C rtt=500µs COMPLETE
2026-03-18 13:59:51,512 INFO hexapod [SerialServerProcess/Thread-1 (run)]: [recv] STATUS slave=3 t=293146178us err=False | L: θ=-0.334 sp=-0.376 ω=-1.54 τ=-0.52 38C rtt=501µs COMPLETE | R: θ=-0.438 sp=-0.502 ω=-3.48 τ=3.63 37C rtt=503µs COMPLETE
2026-03-18 13:59:51,513 INFO hexapod [SerialServerProcess/Thread-1 (run)]: [recv] STATUS slave=3 t=293147178us err=False | L: θ=-0.335 sp=-0.376 ω=-1.32 τ=-0.63 38C rtt=498µs COMPLETE | R: θ=-0.442 sp=-0.502 ω=-3.32 τ=3.52 37C rtt=503µs COMPLETE
2026-03-18 13:59:51,513 INFO hexapod [SerialServerProcess/Thread-1 (run)]: [recv] STATUS slave=1 t=293160167us err=False | L: θ=-0.224 sp=-0.259 ω=3.79 τ=5.60 34C rtt=499µs COMPLETE | R: θ=-0.187 sp=-0.229 ω=2.78 τ=-8.48 33C rtt=498µs COMPLETE
2026-03-18 13:59:51,513 INFO hexapod [SerialServerProcess/Thread-1 (run)]: [recv] STATUS slave=2 t=293158175us err=False | L: θ=-0.333 sp=-0.292 ω=3.63 τ=-12.52 34C rtt=497µs COMPLETE | R: θ=-0.345 sp=-0.385 ω=-4.59 τ=1.67 34C rtt=505µs COMPLETE
2026-03-18 13:59:51,514 INFO hexapod [SerialServerProcess/Thread-1 (run)]: [recv] STATUS slave=3 t=293148178us err=False | L: θ=-0.335 sp=-0.376 ω=-1.10 τ=-0.17 38C rtt=504µs COMPLETE | R: θ=-0.445 sp=-0.502 ω=-3.22 τ=3.75 37C rtt=505µs COMPLETE
2026-03-18 13:59:51,514 INFO hexapod [SerialServerProcess/Thread-1 (run)]: [recv] STATUS slave=1 t=293161167us err=False | L: θ=-0.222 sp=-0.259 ω=3.60 τ=5.60 34C rtt=494µs COMPLETE | R: θ=-0.184 sp=-0.229 ω=2.59 τ=-8.13 33C rtt=497µs COMPLETE
2026-03-18 13:59:51,514 INFO hexapod [SerialServerProcess/Thread-1 (run)]: [recv] STATUS slave=2 t=293159175us err=False | L: θ=-0.329 sp=-0.292 ω=3.86 τ=-11.48 34C rtt=496µs COMPLETE | R: θ=-0.348 sp=-0.385 ω=-4.37 τ=2.25 34C rtt=505µs COMPLETE
2026-03-18 13:59:51,515 INFO hexapod [SerialServerProcess/Thread-1 (run)]: [recv] STATUS slave=3 t=293149178us err=False | L: θ=-0.336 sp=-0.376 ω=-0.90 τ=0.06 38C rtt=501µs COMPLETE | R: θ=-0.448 sp=-0.502 ω=-3.19 τ=3.40 37C rtt=504µs COMPLETE
2026-03-18 13:59:51,515 INFO hexapod [SerialServerProcess/Thread-1 (run)]: [recv] STATUS slave=1 t=293162167us err=False | L: θ=-0.219 sp=-0.259 ω=3.41 τ=5.71 34C rtt=499µs COMPLETE | R: θ=-0.183 sp=-0.229 ω=2.40 τ=-8.48 33C rtt=494µs COMPLETE
2026-03-18 13:59:51,516 INFO hexapod [SerialServerProcess/Thread-1 (run)]: [recv] STATUS slave=2 t=293160175us err=False | L: θ=-0.325 sp=-0.292 ω=4.02 τ=-10.10 34C rtt=499µs COMPLETE | R: θ=-0.351 sp=-0.385 ω=-4.11 τ=1.90 34C rtt=505µs COMPLETE
2026-03-18 13:59:51,517 INFO hexapod [SerialServerProcess/Thread-1 (run)]: [recv] STATUS slave=3 t=293150179us err=False | L: θ=-0.336 sp=-0.376 ω=-0.75 τ=0.75 38C rtt=498µs COMPLETE | R: θ=-0.451 sp=-0.502 ω=-3.16 τ=2.94 37C rtt=499µs COMPLETE
2026-03-18 13:59:51,517 INFO hexapod [SerialServerProcess/Thread-1 (run)]: [recv] STATUS slave=1 t=293163167us err=False | L: θ=-0.217 sp=-0.259 ω=3.16 τ=7.44 34C rtt=502µs COMPLETE | R: θ=-0.182 sp=-0.229 ω=2.21 τ=-9.29 33C rtt=493µs COMPLETE
2026-03-18 13:59:51,517 INFO hexapod [SerialServerProcess/Thread-1 (run)]: [recv] STATUS slave=2 t=293161175us err=False | L: θ=-0.321 sp=-0.292 ω=4.14 τ=-11.71 34C rtt=496µs COMPLETE | R: θ=-0.354 sp=-0.385 ω=-3.86 τ=2.48 34C rtt=499µs COMPLETE
2026-03-18 13:59:51,518 INFO hexapod [SerialServerProcess/Thread-1 (run)]: [recv] STATUS slave=1 t=293164167us err=False | L: θ=-0.216 sp=-0.259 ω=2.90 τ=9.29 34C rtt=501µs COMPLETE | R: θ=-0.181 sp=-0.229 ω=2.02 τ=-9.40 33C rtt=499µs COMPLETE
2026-03-18 13:59:51,518 INFO hexapod [SerialServerProcess/Thread-1 (run)]: [recv] STATUS slave=2 t=293162175us err=False | L: θ=-0.317 sp=-0.292 ω=4.21 τ=-10.44 34C rtt=497µs COMPLETE | R: θ=-0.357 sp=-0.385 ω=-3.63 τ=3.75 34C rtt=502µs COMPLETE
2026-03-18 13:59:51,518 INFO hexapod [SerialServerProcess/Thread-1 (run)]: [recv] STATUS slave=3 t=293151178us err=False | L: θ=-0.336 sp=-0.376 ω=-0.59 τ=1.56 38C rtt=497µs COMPLETE | R: θ=-0.454 sp=-0.502 ω=-3.13 τ=2.71 37C rtt=500µs COMPLETE
2026-03-18 13:59:51,518 INFO hexapod [SerialServerProcess/Thread-1 (run)]: [recv] STATUS slave=1 t=293165167us err=False | L: θ=-0.214 sp=-0.259 ω=2.62 τ=9.29 34C rtt=500µs COMPLETE | R: θ=-0.180 sp=-0.229 ω=1.79 τ=-9.52 33C rtt=496µs COMPLETE
2026-03-18 13:59:51,519 INFO hexapod [SerialServerProcess/Thread-1 (run)]: [recv] STATUS slave=2 t=293163175us err=False | L: θ=-0.313 sp=-0.292 ω=4.21 τ=-6.87 34C rtt=507µs COMPLETE | R: θ=-0.360 sp=-0.385 ω=-3.48 τ=4.79 34C rtt=504µs COMPLETE
2026-03-18 13:59:51,519 INFO hexapod [SerialServerProcess/Thread-1 (run)]: [recv] STATUS slave=3 t=293152178us err=False | L: θ=-0.335 sp=-0.376 ω=-0.40 τ=2.48 38C rtt=498µs COMPLETE | R: θ=-0.456 sp=-0.502 ω=-3.06 τ=3.17 37C rtt=502µs COMPLETE
2026-03-18 13:59:51,519 INFO hexapod [SerialServerProcess/Thread-1 (run)]: [recv] STATUS slave=3 t=293153179us err=False | L: θ=-0.335 sp=-0.376 ω=-0.21 τ=2.94 38C rtt=501µs COMPLETE | R: θ=-0.459 sp=-0.502 ω=-3.00 τ=3.98 37C rtt=500µs COMPLETE
2026-03-18 13:59:51,520 INFO hexapod [SerialServerProcess/Thread-1 (run)]: [recv] STATUS slave=1 t=293166167us err=False | L: θ=-0.213 sp=-0.259 ω=2.33 τ=9.75 34C rtt=496µs COMPLETE | R: θ=-0.180 sp=-0.229 ω=1.57 τ=-9.98 33C rtt=499µs COMPLETE
2026-03-18 13:59:51,520 INFO hexapod [SerialServerProcess/Thread-1 (run)]: [recv] STATUS slave=2 t=293164175us err=False | L: θ=-0.309 sp=-0.292 ω=4.21 τ=-5.25 34C rtt=504µs COMPLETE | R: θ=-0.364 sp=-0.385 ω=-3.41 τ=6.17 34C rtt=500µs COMPLETE
2026-03-18 13:59:51,520 INFO hexapod [SerialServerProcess/Thread-1 (run)]: [recv] STATUS slave=3 t=293154179us err=False | L: θ=-0.335 sp=-0.376 ω=-0.08 τ=3.40 38C rtt=502µs COMPLETE | R: θ=-0.461 sp=-0.502 ω=-2.94 τ=4.67 37C rtt=499µs COMPLETE
2026-03-18 13:59:51,521 INFO hexapod [SerialServerProcess/Thread-1 (run)]: [recv] STATUS slave=1 t=293167167us err=False | L: θ=-0.212 sp=-0.259 ω=2.08 τ=10.10 34C rtt=487µs COMPLETE | R: θ=-0.180 sp=-0.229 ω=1.25 τ=-9.63 33C rtt=496µs COMPLETE
2026-03-18 13:59:51,521 INFO hexapod [SerialServerProcess/Thread-1 (run)]: [recv] STATUS slave=2 t=293165175us err=False | L: θ=-0.304 sp=-0.292 ω=4.21 τ=-5.13 34C rtt=501µs COMPLETE | R: θ=-0.368 sp=-0.385 ω=-3.35 τ=6.40 34C rtt=500µs COMPLETE
2026-03-18 13:59:51,521 INFO hexapod [SerialServerProcess/Thread-1 (run)]: [recv] STATUS slave=2 t=293166175us err=False | L: θ=-0.300 sp=-0.292 ω=4.21 τ=-3.98 34C rtt=498µs COMPLETE | R: θ=-0.371 sp=-0.385 ω=-3.29 τ=6.98 34C rtt=514µs COMPLETE
2026-03-18 13:59:51,522 INFO hexapod [SerialServerProcess/Thread-1 (run)]: [recv] STATUS slave=3 t=293155179us err=False | L: θ=-0.334 sp=-0.376 ω=0.05 τ=3.75 38C rtt=502µs COMPLETE | R: θ=-0.464 sp=-0.502 ω=-2.87 τ=4.33 37C rtt=498µs COMPLETE
2026-03-18 13:59:51,522 INFO hexapod [SerialServerProcess/Thread-1 (run)]: [recv] STATUS slave=1 t=293168167us err=False | L: θ=-0.212 sp=-0.259 ω=1.79 τ=10.10 34C rtt=488µs COMPLETE | R: θ=-0.180 sp=-0.229 ω=0.97 τ=-9.63 33C rtt=495µs COMPLETE
2026-03-18 13:59:51,523 INFO hexapod [SerialServerProcess/Thread-1 (run)]: [recv] STATUS slave=2 t=293167175us err=False | L: θ=-0.296 sp=-0.292 ω=4.21 τ=-2.48 34C rtt=501µs COMPLETE | R: θ=-0.375 sp=-0.385 ω=-3.29 τ=7.90 34C rtt=498µs COMPLETE
2026-03-18 13:59:51,523 INFO hexapod [SerialServerProcess/Thread-1 (run)]: [recv] STATUS slave=3 t=293156178us err=False | L: θ=-0.334 sp=-0.376 ω=0.11 τ=3.63 38C rtt=501µs COMPLETE | R: θ=-0.467 sp=-0.502 ω=-2.78 τ=4.67 37C rtt=497µs COMPLETE
2026-03-18 13:59:51,524 INFO hexapod [SerialServerProcess/Thread-1 (run)]: [recv] STATUS slave=1 t=293169167us err=False | L: θ=-0.211 sp=-0.259 ω=1.48 τ=9.87 34C rtt=503µs COMPLETE | R: θ=-0.181 sp=-0.229 ω=0.65 τ=-8.94 33C rtt=494µs COMPLETE
2026-03-18 13:59:51,524 INFO hexapod [SerialServerProcess/Thread-1 (run)]: [recv] STATUS slave=3 t=293157178us err=False | L: θ=-0.335 sp=-0.376 ω=0.14 τ=3.63 38C rtt=499µs COMPLETE | R: θ=-0.469 sp=-0.502 ω=-2.68 τ=4.90 37C rtt=498µs COMPLETE
2026-03-18 13:59:51,525 INFO hexapod [SerialServerProcess/Thread-1 (run)]: [recv] STATUS slave=1 t=293170167us err=False | L: θ=-0.211 sp=-0.259 ω=1.19 τ=9.63 34C rtt=502µs COMPLETE | R: θ=-0.182 sp=-0.229 ω=0.37 τ=-7.90 33C rtt=496µs COMPLETE
2026-03-18 13:59:51,525 INFO hexapod [SerialServerProcess/Thread-1 (run)]: [recv] STATUS slave=2 t=293168175us err=False | L: θ=-0.291 sp=-0.292 ω=4.24 τ=-1.67 34C rtt=496µs COMPLETE | R: θ=-0.377 sp=-0.385 ω=-3.29 τ=7.90 34C rtt=499µs COMPLETE
2026-03-18 13:59:51,526 INFO hexapod [SerialServerProcess/Thread-1 (run)]: [recv] STATUS slave=3 t=293158179us err=False | L: θ=-0.335 sp=-0.376 ω=0.11 τ=3.87 38C rtt=499µs COMPLETE | R: θ=-0.472 sp=-0.502 ω=-2.62 τ=5.94 37C rtt=507µs COMPLETE
2026-03-18 13:59:51,526 INFO hexapod [SerialServerProcess/Thread-1 (run)]: [recv] STATUS slave=1 t=293171167us err=False | L: θ=-0.211 sp=-0.259 ω=0.94 τ=9.40 34C rtt=487µs COMPLETE | R: θ=-0.183 sp=-0.229 ω=0.05 τ=-6.87 33C rtt=499µs COMPLETE
2026-03-18 13:59:51,526 INFO hexapod [SerialServerProcess/Thread-1 (run)]: [recv] STATUS slave=2 t=293169175us err=False | L: θ=-0.287 sp=-0.292 ω=4.24 τ=-1.21 34C rtt=498µs COMPLETE | R: θ=-0.380 sp=-0.385 ω=-3.29 τ=7.90 34C rtt=497µs COMPLETE
2026-03-18 13:59:51,527 INFO hexapod [SerialServerProcess/Thread-1 (run)]: [recv] STATUS slave=3 t=293159178us err=False | L: θ=-0.336 sp=-0.376 ω=0.08 τ=4.56 38C rtt=498µs COMPLETE | R: θ=-0.475 sp=-0.502 ω=-2.62 τ=6.52 37C rtt=505µs COMPLETE
2026-03-18 13:59:51,527 INFO hexapod [SerialServerProcess/Thread-1 (run)]: [recv] STATUS slave=1 t=293172167us err=False | L: θ=-0.212 sp=-0.259 ω=0.68 τ=8.60 34C rtt=497µs COMPLETE | R: θ=-0.185 sp=-0.229 ω=-0.27 τ=-5.83 33C rtt=496µs COMPLETE
2026-03-18 13:59:51,527 INFO hexapod [SerialServerProcess/Thread-1 (run)]: [recv] STATUS slave=2 t=293170175us err=False | L: θ=-0.283 sp=-0.292 ω=4.24 τ=-0.40 34C rtt=501µs COMPLETE | R: θ=-0.383 sp=-0.385 ω=-3.25 τ=8.48 34C rtt=497µs COMPLETE
2026-03-18 13:59:51,528 INFO hexapod [SerialServerProcess/Thread-1 (run)]: [recv] STATUS slave=3 t=293160178us err=False | L: θ=-0.336 sp=-0.376 ω=-0.05 τ=4.90 38C rtt=500µs COMPLETE | R: θ=-0.477 sp=-0.502 ω=-2.62 τ=7.44 37C rtt=506µs COMPLETE
2026-03-18 13:59:51,528 INFO hexapod [SerialServerProcess/Thread-1 (run)]: [recv] STATUS slave=1 t=293173167us err=False | L: θ=-0.212 sp=-0.259 ω=0.40 τ=8.02 34C rtt=498µs COMPLETE | R: θ=-0.187 sp=-0.229 ω=-0.59 τ=-6.06 33C rtt=495µs COMPLETE
2026-03-18 13:59:51,528 INFO hexapod [SerialServerProcess/Thread-1 (run)]: [recv] STATUS slave=2 t=293171175us err=False | L: θ=-0.279 sp=-0.292 ω=4.24 τ=-0.06 34C rtt=506µs COMPLETE | R: θ=-0.385 sp=-0.385 ω=-3.16 τ=8.48 34C rtt=495µs COMPLETE
2026-03-18 13:59:51,529 INFO hexapod [SerialServerProcess/Thread-1 (run)]: [recv] STATUS slave=3 t=293161178us err=False | L: θ=-0.336 sp=-0.376 ω=-0.14 τ=5.37 38C rtt=497µs COMPLETE | R: θ=-0.480 sp=-0.502 ω=-2.68 τ=6.87 37C rtt=501µs COMPLETE
2026-03-18 13:59:51,529 INFO hexapod [SerialServerProcess/Thread-1 (run)]: [recv] STATUS slave=1 t=293174167us err=False | L: θ=-0.213 sp=-0.259 ω=0.17 τ=6.98 34C rtt=505µs COMPLETE | R: θ=-0.188 sp=-0.229 ω=-0.84 τ=-6.17 33C rtt=496µs COMPLETE
2026-03-18 13:59:51,529 INFO hexapod [SerialServerProcess/Thread-1 (run)]: [recv] STATUS slave=2 t=293172175us err=False | L: θ=-0.275 sp=-0.292 ω=4.21 τ=0.06 34C rtt=501µs COMPLETE | R: θ=-0.387 sp=-0.385 ω=-3.00 τ=8.71 34C rtt=499µs COMPLETE
2026-03-18 13:59:51,530 INFO hexapod [SerialServerProcess/Thread-1 (run)]: [recv] STATUS slave=3 t=293162179us err=False | L: θ=-0.337 sp=-0.376 ω=-0.27 τ=5.13 38C rtt=500µs COMPLETE | R: θ=-0.483 sp=-0.502 ω=-2.68 τ=7.56 37C rtt=501µs COMPLETE
2026-03-18 13:59:51,530 INFO hexapod [SerialServerProcess/Thread-1 (run)]: [recv] STATUS slave=1 t=293191273us err=False | L: θ=-0.231 sp=-0.259 ω=-1.13 τ=1.90 34C rtt=501µs COMPLETE | R: θ=-0.228 sp=-0.229 ω=-2.46 τ=7.90 33C rtt=496µs COMPLETE
2026-03-18 13:59:51,531 INFO hexapod [SerialServerProcess/Thread-1 (run)]: [recv] STATUS slave=2 t=293189639us err=False | L: θ=-0.230 sp=-0.292 ω=2.27 τ=11.48 34C rtt=497µs COMPLETE | R: θ=-0.390 sp=-0.385 ω=0.40 τ=2.94 34C rtt=496µs COMPLETE
2026-03-18 13:59:51,531 INFO hexapod [SerialServerProcess/Thread-1 (run)]: [recv] STATUS slave=1 t=293192167us err=False | L: θ=-0.232 sp=-0.259 ω=-1.10 τ=0.98 34C rtt=508µs COMPLETE | R: θ=-0.231 sp=-0.229 ω=-2.56 τ=7.21 33C rtt=505µs COMPLETE
2026-03-18 13:59:51,532 INFO hexapod [SerialServerProcess/Thread-1 (run)]: [recv] STATUS slave=2 t=293190175us err=False | L: θ=-0.230 sp=-0.292 ω=2.05 τ=11.02 34C rtt=504µs COMPLETE | R: θ=-0.389 sp=-0.385 ω=0.46 τ=2.13 34C rtt=496µs COMPLETE
2026-03-18 13:59:51,532 INFO hexapod [SerialServerProcess/Thread-1 (run)]: [recv] STATUS slave=2 t=293191175us err=False | L: θ=-0.229 sp=-0.292 ω=1.79 τ=10.79 34C rtt=501µs COMPLETE | R: θ=-0.388 sp=-0.385 ω=0.52 τ=1.90 34C rtt=504µs COMPLETE
2026-03-18 13:59:51,532 INFO hexapod [SerialServerProcess/Thread-1 (run)]: [recv] STATUS slave=3 t=293163178us err=False | L: θ=-0.338 sp=-0.376 ω=-0.43 τ=5.02 38C rtt=497µs COMPLETE | R: θ=-0.485 sp=-0.502 ω=-2.68 τ=7.21 37C rtt=511µs COMPLETE
2026-03-18 13:59:51,533 INFO hexapod [SerialServerProcess/Thread-1 (run)]: [recv] STATUS slave=1 t=293193167us err=False | L: θ=-0.233 sp=-0.259 ω=-1.03 τ=0.40 34C rtt=509µs COMPLETE | R: θ=-0.234 sp=-0.229 ω=-2.68 τ=7.90 33C rtt=486µs COMPLETE
2026-03-18 13:59:51,533 INFO hexapod [SerialServerProcess/Thread-1 (run)]: [recv] STATUS slave=2 t=293192175us err=False | L: θ=-0.229 sp=-0.292 ω=1.51 τ=10.67 34C rtt=498µs COMPLETE | R: θ=-0.387 sp=-0.385 ω=0.59 τ=1.56 34C rtt=500µs COMPLETE
2026-03-18 13:59:51,533 INFO hexapod [SerialServerProcess/Thread-1 (run)]: [recv] STATUS slave=3 t=293164178us err=False | L: θ=-0.339 sp=-0.376 ω=-0.52 τ=5.13 38C rtt=497µs COMPLETE | R: θ=-0.488 sp=-0.502 ω=-2.65 τ=7.90 37C rtt=494µs COMPLETE
2026-03-18 13:59:51,534 INFO hexapod [SerialServerProcess/Thread-1 (run)]: [recv] STATUS slave=1 t=293194167us err=False | L: θ=-0.234 sp=-0.259 ω=-1.00 τ=0.63 34C rtt=502µs COMPLETE | R: θ=-0.237 sp=-0.229 ω=-2.75 τ=9.52 33C rtt=488µs COMPLETE
2026-03-18 13:59:51,534 INFO hexapod [SerialServerProcess/Thread-1 (run)]: [recv] STATUS slave=3 t=293165179us err=False | L: θ=-0.340 sp=-0.376 ω=-0.65 τ=4.90 38C rtt=495µs COMPLETE | R: θ=-0.489 sp=-0.502 ω=-2.62 τ=7.90 37C rtt=498µs COMPLETE
2026-03-18 13:59:51,534 INFO hexapod [SerialServerProcess/Thread-1 (run)]: [recv] STATUS slave=1 t=293195167us err=False | L: θ=-0.235 sp=-0.057 ω=-0.97 τ=0.06 34C rtt=505µs COMPLETE | R: θ=-0.240 sp=0.049 ω=-2.78 τ=10.90 33C rtt=499µs COMPLETE
2026-03-18 13:59:51,534 INFO hexapod [SerialServerProcess/Thread-1 (run)]: [recv] STATUS slave=2 t=293193175us err=False | L: θ=-0.229 sp=-0.072 ω=1.16 τ=10.56 34C rtt=500µs COMPLETE | R: θ=-0.386 sp=-0.150 ω=0.65 τ=1.21 34C rtt=505µs COMPLETE
2026-03-18 13:59:51,535 INFO hexapod [SerialServerProcess/Thread-1 (run)]: [recv] STATUS slave=3 t=293166178us err=False | L: θ=-0.341 sp=-0.376 ω=-0.71 τ=4.67 38C rtt=495µs COMPLETE | R: θ=-0.491 sp=-0.502 ω=-2.56 τ=8.48 37C rtt=499µs COMPLETE
2026-03-18 13:59:51,535 INFO hexapod [SerialServerProcess/Thread-1 (run)]: [recv] STATUS slave=1 t=293196167us err=False | L: θ=-0.236 sp=-0.057 ω=-0.97 τ=-0.17 34C rtt=505µs COMPLETE | R: θ=-0.242 sp=0.049 ω=-2.78 τ=12.29 33C rtt=488µs COMPLETE
2026-03-18 13:59:51,535 INFO hexapod [SerialServerProcess/Thread-1 (run)]: [recv] STATUS slave=2 t=293194175us err=False | L: θ=-0.230 sp=-0.072 ω=0.87 τ=11.02 34C rtt=506µs COMPLETE | R: θ=-0.385 sp=-0.150 ω=0.71 τ=0.63 34C rtt=507µs COMPLETE
2026-03-18 13:59:51,536 INFO hexapod [SerialServerProcess/Thread-1 (run)]: [recv] STATUS slave=3 t=293835179us err=False | L: θ=-0.129 sp=-0.128 ω=0.05 τ=-0.87 38C rtt=503µs COMPLETE | R: θ=-0.339 sp=-0.337 ω=-0.17 τ=2.02 37C rtt=497µs COMPLETE
2026-03-18 13:59:51,536 INFO hexapod [SerialServerProcess/Thread-1 (run)]: [recv] STATUS slave=1 t=293197167us err=False | L: θ=-0.237 sp=-0.057 ω=-1.00 τ=-3.52 34C rtt=500µs COMPLETE | R: θ=-0.244 sp=0.049 ω=-2.75 τ=13.44 33C rtt=501µs COMPLETE
2026-03-18 13:59:51,536 INFO hexapod [SerialServerProcess/Thread-1 (run)]: [recv] STATUS slave=2 t=293195174us err=False | L: θ=-0.230 sp=-0.072 ω=0.59 τ=2.60 34C rtt=505µs COMPLETE | R: θ=-0.384 sp=-0.150 ω=0.78 τ=5.25 34C rtt=503µs COMPLETE
2026-03-18 13:59:51,537 INFO hexapod [SerialServerProcess/Thread-1 (run)]: [recv] STATUS slave=3 t=293836179us err=False | L: θ=-0.129 sp=-0.128 ω=0.05 τ=-0.87 38C rtt=504µs COMPLETE | R: θ=-0.339 sp=-0.337 ω=-0.14 τ=2.02 37C rtt=496µs COMPLETE
2026-03-18 13:59:51,537 INFO hexapod [SerialServerProcess/Thread-1 (run)]: [recv] STATUS slave=1 t=293198167us err=False | L: θ=-0.239 sp=-0.057 ω=-1.06 τ=-7.21 34C rtt=499µs COMPLETE | R: θ=-0.245 sp=0.049 ω=-2.62 τ=13.44 33C rtt=490µs COMPLETE
2026-03-18 13:59:51,537 INFO hexapod [SerialServerProcess/Thread-1 (run)]: [recv] STATUS slave=2 t=293196175us err=False | L: θ=-0.229 sp=-0.072 ω=0.43 τ=1.67 34C rtt=504µs COMPLETE | R: θ=-0.382 sp=-0.150 ω=0.87 τ=6.98 34C rtt=501µs COMPLETE
2026-03-18 13:59:51,538 INFO hexapod [SerialServerProcess/Thread-1 (run)]: [recv] STATUS slave=3 t=293837178us err=False | L: θ=-0.129 sp=-0.128 ω=0.05 τ=-0.75 38C rtt=503µs COMPLETE | R: θ=-0.340 sp=-0.337 ω=-0.14 τ=2.02 37C rtt=500µs COMPLETE
2026-03-18 13:59:51,538 INFO hexapod [SerialServerProcess/Thread-1 (run)]: [recv] STATUS slave=1 t=293842167us err=False | L: θ=-0.060 sp=-0.057 ω=-0.14 τ=-0.98 34C rtt=498µs COMPLETE | R: θ=0.051 sp=0.049 ω=0.11 τ=0.06 33C rtt=504µs COMPLETE
2026-03-18 13:59:51,538 INFO hexapod [SerialServerProcess/Thread-1 (run)]: [recv] STATUS slave=2 t=293841175us err=False | L: θ=-0.070 sp=-0.072 ω=0.14 τ=-0.63 34C rtt=498µs COMPLETE | R: θ=-0.150 sp=-0.150 ω=-0.02 τ=0.98 34C rtt=509µs COMPLETE
2026-03-18 13:59:51,539 INFO hexapod [SerialServerProcess/Thread-1 (run)]: [recv][INFO] OK:STOPPED
2026-03-18 13:59:51,539 INFO hexapod [SerialServerProcess/Thread-1 (run)]: [recv] STATUS slave=1 t=293843167us err=False | L: θ=-0.060 sp=-0.057 ω=-0.11 τ=-1.10 34C rtt=499µs COMPLETE | R: θ=0.051 sp=0.049 ω=0.08 τ=-0.06 33C rtt=501µs COMPLETE
2026-03-18 13:59:51,540 INFO hexapod [SerialServerProcess/Thread-1 (run)]: [recv] STATUS slave=2 t=293842175us err=False | L: θ=-0.070 sp=-0.072 ω=0.17 τ=-0.17 34C rtt=499µs COMPLETE | R: θ=-0.150 sp=-0.150 ω=-0.02 τ=0.98 34C rtt=510µs COMPLETE
2026-03-18 13:59:51,541 INFO hexapod [SerialServerProcess/Thread-1 (run)]: [recv] STATUS slave=1 t=293844167us err=False | L: θ=-0.060 sp=-0.057 ω=-0.11 τ=-1.21 34C rtt=507µs COMPLETE | R: θ=0.051 sp=0.049 ω=0.11 τ=0.29 33C rtt=507µs COMPLETE
2026-03-18 13:59:51,541 INFO hexapod [SerialServerProcess/Thread-1 (run)]: [recv] STATUS slave=2 t=293843174us err=False | L: θ=-0.070 sp=-0.072 ω=0.17 τ=-0.29 34C rtt=494µs COMPLETE | R: θ=-0.150 sp=-0.150 ω=-0.02 τ=0.87 34C rtt=508µs COMPLETE
2026-03-18 13:59:51,542 INFO hexapod [SerialServerProcess/Thread-1 (run)]: [recv] STATUS slave=1 t=293845167us err=False | L: θ=-0.060 sp=-0.057 ω=-0.11 τ=-1.21 34C rtt=506µs COMPLETE | R: θ=0.051 sp=0.049 ω=0.11 τ=0.06 33C rtt=502µs COMPLETE
2026-03-18 13:59:51,542 INFO hexapod [SerialServerProcess/Thread-1 (run)]: [recv][INFO] OK:STOPPED
2026-03-18 13:59:51,543 INFO hexapod [SerialServerProcess/Thread-1 (run)]: [recv][INFO] OK:STOPPED
2026-03-18 14:00:04,876 INFO hexapod [SerialServerProcess/Thread-1 (run)]: [recv][INFO] OK:PARKING angle=-1.0472
2026-03-18 14:00:11,242 INFO hexapod [SerialServerProcess/Thread-1 (run)]: [recv][INFO] JOG: [1.047, 1.047, 1.047, 1.047, 1.047, 1.047]
2026-03-18 14:00:20,237 INFO hexapod [SerialServerProcess/Thread-1 (run)]: [recv][INFO] OK:PARKING angle=-1.0472
2026-03-18 14:00:33,853 INFO hexapod [SerialServerProcess/Thread-1 (run)]: [recv][INFO] OK:DISABLED state=IDLE
2026-03-18 14:00:33,856 INFO hexapod [SerialServerProcess/Thread-1 (run)]: [recv][INFO] OK:DISABLED
2026-03-18 14:00:33,857 INFO hexapod [SerialServerProcess/Thread-1 (run)]: [recv][INFO] OK:DISABLED
2026-03-18 14:00:33,857 INFO hexapod [SerialServerProcess/Thread-1 (run)]: [recv][INFO] OK:DISABLED
2026-03-18 14:00:34,829 INFO hexapod [SerialServerProcess/request_handler]: [disconnect] Disconnected from COM7
2026-03-18 14:00:36,004 INFO serial_server [SerialServerProcess/request_handler]: [handler] received None -> shutdown
2026-03-18 14:00:36,004 INFO serial_server [SerialServerProcess/request_handler]: [handler] stopped
2026-03-18 14:00:36,089 INFO serial_server [SerialServerProcess/MainThread]: [run] stopped
2026-03-18 14:00:36,089 INFO ss_process [SerialServerProcess/MainThread]: [run_serial_server] server exited
